------------------------------
     WELCOME TO CSK BANK
------------------------------
===============HOME===============
Enter a number to perform the following operation : 
1 - Sign in to access your information
2 - Apply for a new account

To exit, enter 0
------------------------------
Enter your choice : 
Enter your User ID (or 0 to exit): 
Enter your password : 
The password must contain a minimum of 8 characters with both upper and lower case, start with a letter, have a special character and a number
----------------------------------------
===============HOME===============
Enter a number to perform the following operation : 
1 - Sign in to access your information
2 - Apply for a new account

To exit, enter 0
------------------------------
Enter your choice : 
Enter your User ID (or 0 to exit): 
Enter your password : 
----------------------------------------
EMPLOYEE DETAILS                        
----------------------------------------
USER ID              : 7
FIRST NAME           : Surya
LAST NAME            : Kumar
DATE OF BIRTH        : 2000-01-12
GENDER               : MALE
ADDRESS              : Palladam
E-MAIL               : surya.kumar@cskbank.com
ROLE                 : EMPLOYEE
BRANCH ID            : 1

===============EMPLOYEE PORTAL===============
Enter a number to perform the following operation : 
1 - View Profile Details
2 - View list of accounts of your branch
3 - View a customer details of an account
4 - Open a new account for a new customer
5 - View transactions of an account
6 - Open a new account for an existing customer
7 - View Employee Branch Details
8 - Deposit money into an account
9 - Withdraw money from an account
10 - Update Customer details
11 - Update Password

To logout, enter 0
------------------------------
Enter your choice (0 to 12): 
Enter current password : 
Enter new password : 
Re-enter new password for confirmation : 
Your password has been changed.
Logging out.
----------------------------------------
===============HOME===============
Enter a number to perform the following operation : 
1 - Sign in to access your information
2 - Apply for a new account

To exit, enter 0
------------------------------
Enter your choice : 
Invalid number. Please enter a number between 0 and 3
Enter your choice : 
Enter your User ID (or 0 to exit): 
Enter your password : 
----------------------------------------
EMPLOYEE DETAILS                        
----------------------------------------
USER ID              : 7
FIRST NAME           : Surya
LAST NAME            : Kumar
DATE OF BIRTH        : 2000-01-12
GENDER               : MALE
ADDRESS              : Palladam
E-MAIL               : surya.kumar@cskbank.com
ROLE                 : EMPLOYEE
BRANCH ID            : 1

===============EMPLOYEE PORTAL===============
Enter a number to perform the following operation : 
1 - View Profile Details
2 - View list of accounts of your branch
3 - View a customer details of an account
4 - Open a new account for a new customer
5 - View transactions of an account
6 - Open a new account for an existing customer
7 - View Employee Branch Details
8 - Deposit money into an account
9 - Withdraw money from an account
10 - Update Customer details
11 - Update Password

To logout, enter 0
------------------------------
Enter your choice (0 to 12): 
----------------------------------------
EMPLOYEE DETAILS                        
----------------------------------------
USER ID              : 7
FIRST NAME           : Surya
LAST NAME            : Kumar
DATE OF BIRTH        : 2000-01-12
GENDER               : MALE
ADDRESS              : Palladam
E-MAIL               : surya.kumar@cskbank.com
ROLE                 : EMPLOYEE
BRANCH ID            : 1

===============EMPLOYEE PORTAL===============
Enter a number to perform the following operation : 
1 - View Profile Details
2 - View list of accounts of your branch
3 - View a customer details of an account
4 - Open a new account for a new customer
5 - View transactions of an account
6 - Open a new account for an existing customer
7 - View Employee Branch Details
8 - Deposit money into an account
9 - Withdraw money from an account
10 - Update Customer details
11 - Update Password

To logout, enter 0
------------------------------
Enter your choice (0 to 12): 
-----------------------------------------------------------------
ACCOUNT NUMBER | CUSTOMER ID | START DATE |  BALANCE   | STATUS
-----------------------------------------------------------------
             1 |           2 | 2024-03-06 |   12500.00 | ACTIVE
             2 |           2 | 2024-03-06 |    8400.00 | ACTIVE
             3 |           3 | 2024-03-06 |    4000.00 | ACTIVE
             4 |           3 | 2024-03-04 |   25000.00 | ACTIVE
             5 |           4 | 2024-03-06 |   91500.00 | ACTIVE
             6 |           5 | 2024-03-05 |   20000.00 | ACTIVE
-----------------------------------------------------------------

===============EMPLOYEE PORTAL===============
Enter a number to perform the following operation : 
1 - View Profile Details
2 - View list of accounts of your branch
3 - View a customer details of an account
4 - Open a new account for a new customer
5 - View transactions of an account
6 - Open a new account for an existing customer
7 - View Employee Branch Details
8 - Deposit money into an account
9 - Withdraw money from an account
10 - Update Customer details
11 - Update Password

To logout, enter 0
------------------------------
Enter your choice (0 to 12): 
Enter account number to get transactions : 
Enter Transaction History Size : (0 - Recent, 1, 3, or 6 months) 
-------------------------------------------------------------------------------------------------------------------
   ID   | PARTICULARS                              | ACCOUNT NUMBER |    DATE    |   AMOUNT   |   BALANCE  | TYPE
-------------------------------------------------------------------------------------------------------------------
 17     | Self transfer                            |              2 | 2024-03-06 |    1000.00 |   12500.00 | CREDIT 
 16     | Self Transfer                            |              2 | 2024-03-05 |    5000.00 |   11500.00 | CREDIT 
 15     | Git                                      |              5 | 2024-03-05 |    5000.00 |    6500.00 | DEBIT 
 13     | Simply                                   |              2 | 2024-03-05 |    1000.00 |   11500.00 | DEBIT 
 12     | Self                                     |              2 | 2024-03-05 |    2000.00 |   12500.00 | CREDIT 
 11     | Self                                     |              2 | 2024-03-05 |    1000.00 |   10500.00 | DEBIT 
 10     | Groceries                                |              5 | 2024-03-05 |    2500.00 |   11500.00 | CREDIT 
 9      | Books                                    |              5 | 2024-03-05 |    1000.00 |    9000.00 | CREDIT 
 5      | BANK_WITHDRAWAL                          |              0 | 2024-03-04 |    1000.00 |    8000.00 | DEBIT 
 4      | BANK_WITHDRAWAL                          |              0 | 2024-03-04 |    1000.00 |   11000.00 | DEBIT 
-------------------------------------------------------------------------------------------------------------------
Enter 1 to go to next page (or) 0 to exit : 

===============EMPLOYEE PORTAL===============
Enter a number to perform the following operation : 
1 - View Profile Details
2 - View list of accounts of your branch
3 - View a customer details of an account
4 - Open a new account for a new customer
5 - View transactions of an account
6 - Open a new account for an existing customer
7 - View Employee Branch Details
8 - Deposit money into an account
9 - Withdraw money from an account
10 - Update Customer details
11 - Update Password

To logout, enter 0
------------------------------
Enter your choice (0 to 12): 
----------------------------------------
EMPLOYEE DETAILS                        
----------------------------------------
USER ID              : 7
FIRST NAME           : Surya
LAST NAME            : Kumar
DATE OF BIRTH        : 2000-01-12
GENDER               : MALE
ADDRESS              : Palladam
E-MAIL               : surya.kumar@cskbank.com
ROLE                 : EMPLOYEE
BRANCH ID            : 1

===============EMPLOYEE PORTAL===============
Enter a number to perform the following operation : 
1 - View Profile Details
2 - View list of accounts of your branch
3 - View a customer details of an account
4 - Open a new account for a new customer
5 - View transactions of an account
6 - Open a new account for an existing customer
7 - View Employee Branch Details
8 - Deposit money into an account
9 - Withdraw money from an account
10 - Update Customer details
11 - Update Password

To logout, enter 0
------------------------------
Enter your choice (0 to 12): 
Enter account number to get transactions : 
Enter Transaction History Size : (0 - Recent, 1, 3, or 6 months) 
-------------------------------------------------------------------------------------------------------------------
   ID   | PARTICULARS                              | ACCOUNT NUMBER |    DATE    |   AMOUNT   |   BALANCE  | TYPE
-------------------------------------------------------------------------------------------------------------------
 17     | Self transfer                            |              2 | 2024-03-06 |    1000.00 |   12500.00 | CREDIT 
 16     | Self Transfer                            |              2 | 2024-03-05 |    5000.00 |   11500.00 | CREDIT 
 15     | Git                                      |              5 | 2024-03-05 |    5000.00 |    6500.00 | DEBIT 
 13     | Simply                                   |              2 | 2024-03-05 |    1000.00 |   11500.00 | DEBIT 
 12     | Self                                     |              2 | 2024-03-05 |    2000.00 |   12500.00 | CREDIT 
 11     | Self                                     |              2 | 2024-03-05 |    1000.00 |   10500.00 | DEBIT 
 10     | Groceries                                |              5 | 2024-03-05 |    2500.00 |   11500.00 | CREDIT 
 9      | Books                                    |              5 | 2024-03-05 |    1000.00 |    9000.00 | CREDIT 
 5      | BANK_WITHDRAWAL                          |              0 | 2024-03-04 |    1000.00 |    8000.00 | DEBIT 
 4      | BANK_WITHDRAWAL                          |              0 | 2024-03-04 |    1000.00 |   11000.00 | DEBIT 
-------------------------------------------------------------------------------------------------------------------
Enter 1 to go to next page (or) 0 to exit : 
-------------------------------------------------------------------------------------------------------------------
   ID   | PARTICULARS                              | ACCOUNT NUMBER |    DATE    |   AMOUNT   |   BALANCE  | TYPE
-------------------------------------------------------------------------------------------------------------------
 3      | BANK_DEPOSIT                             |              0 | 2024-03-04 |    1000.00 |   10000.00 | CREDIT 
 1      | Self Transfer                            |              2 | 2024-03-01 |    1000.00 |    9000.00 | DEBIT 
-------------------------------------------------------------------------------------------------------------------

===============EMPLOYEE PORTAL===============
Enter a number to perform the following operation : 
1 - View Profile Details
2 - View list of accounts of your branch
3 - View a customer details of an account
4 - Open a new account for a new customer
5 - View transactions of an account
6 - Open a new account for an existing customer
7 - View Employee Branch Details
8 - Deposit money into an account
9 - Withdraw money from an account
10 - Update Customer details
11 - Update Password

To logout, enter 0
------------------------------
Enter your choice (0 to 12): 
Enter 'YES' to confirm logout : 
Logged out successfully.
----------------------------------------
===============HOME===============
Enter a number to perform the following operation : 
1 - Sign in to access your information
2 - Apply for a new account

To exit, enter 0
------------------------------
Enter your choice : 
----------------------------------------
Thank you for visiting us
----------------------------------------
