------------------------------
     WELCOME TO CSK BANK
------------------------------
===============HOME===============
Enter a number to perform the following operation : 
1 - Sign in to access your information
2 - Apply for a new account

To exit, enter 0
------------------------------
Enter your choice : 
Enter your User ID (or 0 to exit): 
Enter your password : 
===============CUSTOMER PORTAL===============
Enter a number to perform the following operation : 
1 - View Profile Details
2 - Accounts
3 - View Transactions of an Account
4 - Transfer Amount
5 - Update Profile

To logout, enter 0
------------------------------
Enter your choice (0 to 5): 
SNO | ACCOUNT NUMBER | CUSTOMER ID | START DATE |  BALANCE   | STATUS
----------------------------------------------------------------------
  1 | 00000000000001 |           2 | 2024-02-27 |    7800.00 | ACTIVE
Enter the associated serial number : 
               1 |                    0 | 2024-02-28T12:21:08.13 |       0.00 |   10000.00 |  DEBIT 
               2 |                 Fees | 2024-02-28T12:23:50.116 |    1200.00 |    8800.00 |  DEBIT 
               3 |       A/c No:12/Test | 2024-02-28T12:34:45.984 |    1000.00 |    7800.00 |  DEBIT 
===============CUSTOMER PORTAL===============
Enter a number to perform the following operation : 
1 - View Profile Details
2 - Accounts
3 - View Transactions of an Account
4 - Transfer Amount
5 - Update Profile

To logout, enter 0
------------------------------
Enter your choice (0 to 5): 
Enter 'YES' to confirm logout : 
Logged out successfully.
----------------------------------------
===============HOME===============
Enter a number to perform the following operation : 
1 - Sign in to access your information
2 - Apply for a new account

To exit, enter 0
------------------------------
Enter your choice : 
----------------------------------------
Thank you for visiting us
----------------------------------------
