------------------------------
     WELCOME TO CSK BANK
------------------------------
===============HOME===============
Enter a number to perform the following operation : 
1 - Sign in to access your information
2 - Apply for a new account

To exit, enter 0
------------------------------
Enter your choice : 
Enter your User ID (or 0 to exit): 
Enter your password : 

===============EMPLOYEE PORTAL===============
Enter a number to perform the following operation : 
1 - View Profile Details
2 - View list of accounts of your branch
3 - View a customer details of an account
4 - Open a new account for a new customer
5 - View transactions of an account
6 - Open a new account for an existing customer

To logout, enter 0
------------------------------
Enter your choice (0 to 6): 
----------------------------------------
EMPLOYEE DETAILS                        
----------------------------------------
FIRST NAME           : ADMIN
LAST NAME            : USER
DATE OF BIRTH        : 1970-01-01
GENDER               : MALE
ADDRESS              : Address
MAIL ID              : admin@email.com
STATUS               : ACTIVE
BRANCH ID            : 1

===============EMPLOYEE PORTAL===============
Enter a number to perform the following operation : 
1 - View Profile Details
2 - View list of accounts of your branch
3 - View a customer details of an account
4 - Open a new account for a new customer
5 - View transactions of an account
6 - Open a new account for an existing customer

To logout, enter 0
------------------------------
Enter your choice (0 to 6): 
No accounts found

===============EMPLOYEE PORTAL===============
Enter a number to perform the following operation : 
1 - View Profile Details
2 - View list of accounts of your branch
3 - View a customer details of an account
4 - Open a new account for a new customer
5 - View transactions of an account
6 - Open a new account for an existing customer

To logout, enter 0
------------------------------
Enter your choice (0 to 6): 
No accounts found

===============EMPLOYEE PORTAL===============
Enter a number to perform the following operation : 
1 - View Profile Details
2 - View list of accounts of your branch
3 - View a customer details of an account
4 - Open a new account for a new customer
5 - View transactions of an account
6 - Open a new account for an existing customer

To logout, enter 0
------------------------------
Enter your choice (0 to 6): 
Enter the following details : 
Enter First name : 
Enter Last name : 
Enter Gender : 
Enter Phone number : 
Enter Email : 
Enter Address : 
Enter Date of birth in DDMMYYYY Format : 
Enter Aadhaar Number : 
Enter PAN Number : 
----------------------------------------
null DETAILS                            
----------------------------------------
FIRST NAME           : Sharan
LAST NAME            : K
DATE OF BIRTH        : 2002-10-01
GENDER               : MALE
ADDRESS              : Coimbatore
MAIL ID              : sharan@gmail.com
STATUS               : null
AADHAAR              : 999845682846
PAN                  : HDKAU8593L
Enter 'y' to confirm creation, 'N' to cancel
----------------------------------------
CUSTOMER AND ACCOUNT HAS BEEN CREATED SUCCESSFULLY
----------------------------------------
CUSTOMER DETAILS                        
----------------------------------------
FIRST NAME           : Sharan
LAST NAME            : K
DATE OF BIRTH        : 2002-10-01
GENDER               : MALE
ADDRESS              : Coimbatore
MAIL ID              : sharan@gmail.com
STATUS               : ACTIVE
AADHAAR              : 999845682846
PAN                  : HDKAU8593L
----------------------------------------
ACCOUNT DETAILS
----------------------------------------
ACCOUNT NUMBER       : 1
ACCOUNT BALANCE      : 10000.0
ACCOUNT TYPE         : SAVINGS
ACCOUNT STATUS       : ACTIVE
CUSTOMER ID          : 2
OPENING DATE         : 2024-03-01
BRANCH CODE          : 1

===============EMPLOYEE PORTAL===============
Enter a number to perform the following operation : 
1 - View Profile Details
2 - View list of accounts of your branch
3 - View a customer details of an account
4 - Open a new account for a new customer
5 - View transactions of an account
6 - Open a new account for an existing customer

To logout, enter 0
------------------------------
Enter your choice (0 to 6): 
Enter Customer ID : 
----------------------------------------
ACCOUNT HAS BEEN CREATED SUCCESSFULLY
----------------------------------------
ACCOUNT DETAILS
----------------------------------------
ACCOUNT NUMBER       : 2
ACCOUNT BALANCE      : 10000.0
ACCOUNT TYPE         : SAVINGS
ACCOUNT STATUS       : ACTIVE
CUSTOMER ID          : 2
OPENING DATE         : 2024-03-01
BRANCH CODE          : 1
The choice is invalid

===============EMPLOYEE PORTAL===============
Enter a number to perform the following operation : 
1 - View Profile Details
2 - View list of accounts of your branch
3 - View a customer details of an account
4 - Open a new account for a new customer
5 - View transactions of an account
6 - Open a new account for an existing customer

To logout, enter 0
------------------------------
Enter your choice (0 to 6): 
Enter 'YES' to confirm logout : 
Logged out successfully.
----------------------------------------
===============HOME===============
Enter a number to perform the following operation : 
1 - Sign in to access your information
2 - Apply for a new account

To exit, enter 0
------------------------------
Enter your choice : 
----------------------------------------
Thank you for visiting us
----------------------------------------
