------------------------------
     WELCOME TO CSK BANK
------------------------------
===============HOME===============
Enter a number to perform the following operation : 
1 - Sign in to access your information
2 - Apply for a new account

To exit, enter 0
------------------------------
Enter your choice : 
Enter your User ID (or 0 to exit): 
Enter your password : 

===============EMPLOYEE PORTAL===============
Enter a number to perform the following operation : 
1 - View Profile Details
2 - View list of accounts of your branch
3 - View a customer details of an account
4 - Open a new account for a new customer

To logout, enter 0
------------------------------
Enter your choice (0 to 4): 
Enter the following details : 
Enter First name : 
Enter Last name : 
Enter Gender : 
Enter Phone number name : 
The mobile number should contain 10 digits. First digit should be between 7 and 9
Enter Phone number name : 
Enter Email : 
Enter Address : 
Enter Date of birth in DDMMYYYY Format : 
The date of birth entered is incorrect. Please follow the given order
Enter Date of birth in DDMMYYYY Format : 
Enter Aadhaar Number : 
Enter PAN Number : 
----------------------------------------
null DETAILS                            
----------------------------------------
FIRST NAME           : Sharan
LAST NAME            : L
DATE OF BIRTH        : 2002-02-20
GENDER               : MALE
ADDRESS              : Erode
MAIL ID              : sharan@gmail.com
STATUS               : null
AADHAAR              : 582476593028
PAN                  : GELTU7591B
Enter 'y' to confirm creation, 'N' to cancel
A valid object is expected. Please provide an appropriate object

===============EMPLOYEE PORTAL===============
Enter a number to perform the following operation : 
1 - View Profile Details
2 - View list of accounts of your branch
3 - View a customer details of an account
4 - Open a new account for a new customer

To logout, enter 0
------------------------------
Enter your choice (0 to 4): 
Enter the following details : 
Enter First name : 
Enter Last name : 
Enter Gender : 
Enter Phone number name : 
Enter Email : 
The email address is invalid. Please check the email address
Enter Email : 
Enter Address : 
Enter Date of birth in DDMMYYYY Format : 
Enter Aadhaar Number : 
Enter PAN Number : 
The PAN number is invalid. Make sure it is the correct PAN number
Enter PAN Number : 
The PAN number is invalid. Make sure it is the correct PAN number
Enter PAN Number : 
----------------------------------------
null DETAILS                            
----------------------------------------
FIRST NAME           : Niveth
LAST NAME            : S
DATE OF BIRTH        : 2003-01-09
GENDER               : MALE
ADDRESS              : Coimbatore
MAIL ID              : sriniveth@google.com
STATUS               : null
AADHAAR              : 5849302847593028
PAN                  : NFKAH7830N
Enter 'y' to confirm creation, 'N' to cancel
----------------------------------------
CUSTOMER AND ACCOUNT HAS BEEN CREATED SUCCESSFULLY
----------------------------------------
CUSTOMER DETAILS                        
----------------------------------------
FIRST NAME           : Niveth
LAST NAME            : S
DATE OF BIRTH        : 2003-01-09
GENDER               : MALE
ADDRESS              : Coimbatore
MAIL ID              : sriniveth@google.com
STATUS               : ACTIVE
AADHAAR              : 5849302847593028
PAN                  : NFKAH7830N
----------------------------------------
ACCOUNT DETAILS
----------------------------------------
ACCOUNT NUMBER       : 3
ACCOUNT BALANCE      : 10000.0
ACCOUNT TYPE         : SAVINGS
ACCOUNT STATUS       : ACTIVE
CUSTOMER ID          : 4
OPENING DATE         : 2024-02-27
BRANCH CODE          : 1

===============EMPLOYEE PORTAL===============
Enter a number to perform the following operation : 
1 - View Profile Details
2 - View list of accounts of your branch
3 - View a customer details of an account
4 - Open a new account for a new customer

To logout, enter 0
------------------------------
Enter your choice (0 to 4): 
No line found
Enter your choice (0 to 4): 
No line found
Enter your choice (0 to 4): 
No line found
Enter your choice (0 to 4): 
No line found
Enter your choice (0 to 4): 
No line found
Enter your choice (0 to 4): 
