------------------------------
     WELCOME TO CSK BANK
------------------------------
===============HOME===============
Enter a number to perform the following operation : 
1 - Sign in to access your information
2 - Apply for a new account

To exit, enter 0
------------------------------
Enter your choice : 
Enter your User ID (or 0 to exit): 
Enter your password : 
The password must contain a minimum of 8 characters with both upper and lower case, start with a letter, have a special character and a number
----------------------------------------
===============HOME===============
Enter a number to perform the following operation : 
1 - Sign in to access your information
2 - Apply for a new account

To exit, enter 0
------------------------------
Enter your choice : 
Enter your User ID (or 0 to exit): 
Enter your password : 

===============EMPLOYEE PORTAL===============
Enter a number to perform the following operation : 
1 - View Profile Details
2 - View list of accounts of your branch
3 - View a customer details of an account
4 - Open a new account for a new customer
5 - View transactions of an account

To logout, enter 0
------------------------------
Enter your choice (0 to 5): 
----------------------------------------------------------------------
SNO | ACCOUNT NUMBER | CUSTOMER ID | START DATE |  BALANCE   | STATUS
----------------------------------------------------------------------
  1 | 00000000000001 |           2 | 2024-02-27 |    2800.00 | ACTIVE
  2 | 00000000000002 |           3 | 2024-02-27 |   16200.00 | ACTIVE
  3 | 00000000000003 |           4 | 2024-02-27 |   10000.00 | ACTIVE
----------------------------------------------------------------------
Enter the serial number of the account number you want to view the customer : 
----------------------------------------
CUSTOMER DETAILS                        
----------------------------------------
FIRST NAME           : Sharan
LAST NAME            : L
DATE OF BIRTH        : 2002-02-20
GENDER               : MALE
ADDRESS              : Erode
MAIL ID              : sharan@gmail.com
STATUS               : ACTIVE
AADHAAR              : 582476593028
PAN                  : GELTU7591B

===============EMPLOYEE PORTAL===============
Enter a number to perform the following operation : 
1 - View Profile Details
2 - View list of accounts of your branch
3 - View a customer details of an account
4 - Open a new account for a new customer
5 - View transactions of an account

To logout, enter 0
------------------------------
Enter your choice (0 to 5): 
Enter the following details : 
Enter First name : 
The first name must contain atleast 3 characters.
Enter First name : 
The first name must contain atleast 3 characters.
Enter First name : 
The first name must contain atleast 3 characters.
Enter First name : 
The first name must contain atleast 3 characters.
Enter First name : 
The first name must contain atleast 3 characters.
Enter First name : 
The first name must contain atleast 3 characters.
Enter First name : 
The first name must contain atleast 3 characters.
Enter First name : 
The first name must contain atleast 3 characters.
Enter First name : 
The first name must contain atleast 3 characters.
Enter First name : 
The first name must contain atleast 3 characters.
Enter First name : 
No line found

===============EMPLOYEE PORTAL===============
Enter a number to perform the following operation : 
1 - View Profile Details
2 - View list of accounts of your branch
3 - View a customer details of an account
4 - Open a new account for a new customer
5 - View transactions of an account

To logout, enter 0
------------------------------
Enter your choice (0 to 5): 
No line found
Enter your choice (0 to 5): 
No line found
Enter your choice (0 to 5): 
No line found
