------------------------------
     WELCOME TO CSK BANK
------------------------------
===============HOME===============
Enter a number to perform the following operation : 
1 - Sign in to access your information
2 - Apply for a new account

To exit, enter 0
------------------------------
Enter your choice : 
Enter your User ID (or 0 to exit): 
Enter your password : 
The password must contain a minimum of 8 characters with both upper and lower case, start with a letter, have a special character and a number
----------------------------------------
===============HOME===============
Enter a number to perform the following operation : 
1 - Sign in to access your information
2 - Apply for a new account

To exit, enter 0
------------------------------
Enter your choice : 
Enter your User ID (or 0 to exit): 
Enter your password : 
----------------------------------------
CUSTOMER DETAILS                        
----------------------------------------
USER ID              : 2
FIRST NAME           : Sharan
LAST NAME            : K
DATE OF BIRTH        : 2002-10-01
GENDER               : MALE
ADDRESS              : Gobichettipalayam
E-MAIL               : sharanshanjay@gmail.com
AADHAAR              : 999845682846
PAN                  : HDKAU8593L
===============CUSTOMER PORTAL===============
Enter a number to perform the following operation : 
1 - View Profile Details
2 - Accounts
3 - View Transactions of an Account
4 - Transfer Amount
5 - View Branch Details of an account
6 - Update Profile Details
7 - Update password
8 - View recent transactions

To logout, enter 0
------------------------------
Enter your choice (0 to 8): 
Is transfer within bank or outside bank : (Enter y for within (or) hit enter for outside)
Enter account number to transfer amount from: 
Enter Account number of the account to transfer the money into : 
Enter the amount to tranfer : 
Enter Remarks : 
Enter PIN to confirm : 
Enter 4 digit secure PIN to confirm your request : 
----------------------------------------
ACCOUNT DETAILS
----------------------------------------
ACCOUNT NUMBER       : 1
ACCOUNT BALANCE      : 12500.0
ACCOUNT TYPE         : SAVINGS
ACCOUNT STATUS       : ACTIVE
CUSTOMER Id          : 2
OPENING DATE         : 2024-03-12
BRANCH CODE          : 1
Transaction Successful
Transaction Id : 21
===============CUSTOMER PORTAL===============
Enter a number to perform the following operation : 
1 - View Profile Details
2 - Accounts
3 - View Transactions of an Account
4 - Transfer Amount
5 - View Branch Details of an account
6 - Update Profile Details
7 - Update password
8 - View recent transactions

To logout, enter 0
------------------------------
Enter your choice (0 to 8): 
-----------------------------------------------------------------
ACCOUNT NUMBER | CUSTOMER ID | START DATE |  BALANCE   | STATUS
-----------------------------------------------------------------
             1 |           2 | 2024-03-12 |   10500.00 | ACTIVE
             2 |           2 | 2024-03-06 |    8400.00 | ACTIVE
-----------------------------------------------------------------
Enter account number : 
-------------------------------------------------------------------------------------------------------------------
   ID   | PARTICULARS                              | ACCOUNT NUMBER |    DATE    |   AMOUNT   |   BALANCE  | TYPE
-------------------------------------------------------------------------------------------------------------------
 21     | Fees                                     |              5 | 2024-03-12 |    2000.00 |   10500.00 | DEBIT 
 17     | Self transfer                            |              2 | 2024-03-06 |    1000.00 |   12500.00 | CREDIT 
 16     | Self Transfer                            |              2 | 2024-03-05 |    5000.00 |   11500.00 | CREDIT 
 15     | Git                                      |              5 | 2024-03-05 |    5000.00 |    6500.00 | DEBIT 
 13     | Simply                                   |              2 | 2024-03-05 |    1000.00 |   11500.00 | DEBIT 
 12     | Self                                     |              2 | 2024-03-05 |    2000.00 |   12500.00 | CREDIT 
 11     | Self                                     |              2 | 2024-03-05 |    1000.00 |   10500.00 | DEBIT 
 10     | Groceries                                |              5 | 2024-03-05 |    2500.00 |   11500.00 | CREDIT 
 9      | Books                                    |              5 | 2024-03-05 |    1000.00 |    9000.00 | CREDIT 
 5      | BANK_WITHDRAWAL                          |              0 | 2024-03-04 |    1000.00 |    8000.00 | DEBIT 
-------------------------------------------------------------------------------------------------------------------
===============CUSTOMER PORTAL===============
Enter a number to perform the following operation : 
1 - View Profile Details
2 - Accounts
3 - View Transactions of an Account
4 - Transfer Amount
5 - View Branch Details of an account
6 - Update Profile Details
7 - Update password
8 - View recent transactions

To logout, enter 0
------------------------------
Enter your choice (0 to 8): 
Enter 'YES' to confirm logout : 
Logged out successfully.
----------------------------------------
===============HOME===============
Enter a number to perform the following operation : 
1 - Sign in to access your information
2 - Apply for a new account

To exit, enter 0
------------------------------
Enter your choice : 
Invalid number. Please enter a number between 0 and 3
Enter your choice : 
Enter your User ID (or 0 to exit): 
Enter your password : 
The credentials entered for the acount is incorrect. Please try again
----------------------------------------
===============HOME===============
Enter a number to perform the following operation : 
1 - Sign in to access your information
2 - Apply for a new account

To exit, enter 0
------------------------------
Enter your choice : 
A number is expected. Please enter a valid integer.
----------------------------------------
===============HOME===============
Enter a number to perform the following operation : 
1 - Sign in to access your information
2 - Apply for a new account

To exit, enter 0
------------------------------
Enter your choice : 
Enter your User ID (or 0 to exit): 
Enter your password : 
----------------------------------------
CUSTOMER DETAILS                        
----------------------------------------
USER ID              : 4
FIRST NAME           : Niveth
LAST NAME            : S
DATE OF BIRTH        : 2003-01-09
GENDER               : MALE
ADDRESS              : Coimbatore
E-MAIL               : niveth.s@gmail.com
AADHAAR              : 946395734937
PAN                  : KFHTN3955K
===============CUSTOMER PORTAL===============
Enter a number to perform the following operation : 
1 - View Profile Details
2 - Accounts
3 - View Transactions of an Account
4 - Transfer Amount
5 - View Branch Details of an account
6 - Update Profile Details
7 - Update password
8 - View recent transactions

To logout, enter 0
------------------------------
Enter your choice (0 to 8): 
-------------------------------------------------------------------------------------------------------------------
   ID   | PARTICULARS                              | ACCOUNT NUMBER |    DATE    |   AMOUNT   |   BALANCE  | TYPE
-------------------------------------------------------------------------------------------------------------------
 21     | Fees                                     |              1 | 2024-03-12 |    2000.00 |   93500.00 | CREDIT 
 18     | Bank-Deposit/BranchId-1/EmployeeId-1     |              0 | 2024-03-06 |   30000.00 |   91500.00 | CREDIT 
 15     | Git                                      |              1 | 2024-03-05 |    5000.00 |   61500.00 | CREDIT 
 10     | Groceries                                |              1 | 2024-03-05 |    2500.00 |   56500.00 | DEBIT 
 9      | Books                                    |              1 | 2024-03-05 |    1000.00 |   59000.00 | DEBIT 
 8      | Fund                                     |              6 | 2024-03-05 |   10000.00 |   60000.00 | CREDIT 
-------------------------------------------------------------------------------------------------------------------
===============CUSTOMER PORTAL===============
Enter a number to perform the following operation : 
1 - View Profile Details
2 - Accounts
3 - View Transactions of an Account
4 - Transfer Amount
5 - View Branch Details of an account
6 - Update Profile Details
7 - Update password
8 - View recent transactions

To logout, enter 0
------------------------------
Enter your choice (0 to 8): 
Select a number to update : 
1 : ADDRESS
2 : PHONE
3 : EMAIL
Enter PIN to confirm changes : 
Enter 4 digit secure PIN to confirm your request : 
Update successful
===============CUSTOMER PORTAL===============
Enter a number to perform the following operation : 
1 - View Profile Details
2 - Accounts
3 - View Transactions of an Account
4 - Transfer Amount
5 - View Branch Details of an account
6 - Update Profile Details
7 - Update password
8 - View recent transactions

To logout, enter 0
------------------------------
Enter your choice (0 to 8): 
-----------------------------------------------------------------
ACCOUNT NUMBER | CUSTOMER ID | START DATE |  BALANCE   | STATUS
-----------------------------------------------------------------
             5 |           4 | 2024-03-12 |   93500.00 | ACTIVE
-----------------------------------------------------------------
----------------------------------------
BRANCH DETAILS                          
----------------------------------------
ID                   : 1
ADDRESS              : Karaikudi
PHONE                : 9775635324
EMAIL                : karakudi@cskbank.in
IFSC CODE            : CSKB0000001
===============CUSTOMER PORTAL===============
Enter a number to perform the following operation : 
1 - View Profile Details
2 - Accounts
3 - View Transactions of an Account
4 - Transfer Amount
5 - View Branch Details of an account
6 - Update Profile Details
7 - Update password
8 - View recent transactions

To logout, enter 0
------------------------------
Enter your choice (0 to 8): 
Enter 'YES' to confirm logout : 
Logged out successfully.
----------------------------------------
===============HOME===============
Enter a number to perform the following operation : 
1 - Sign in to access your information
2 - Apply for a new account

To exit, enter 0
------------------------------
Enter your choice : 
Invalid number. Please enter a number between 0 and 3
Enter your choice : 
Enter your User ID (or 0 to exit): 
Enter your password : 
----------------------------------------
EMPLOYEE DETAILS                        
----------------------------------------
USER ID              : 7
FIRST NAME           : Surya
LAST NAME            : Kumar
DATE OF BIRTH        : 2000-01-12
GENDER               : MALE
ADDRESS              : Palladam
E-MAIL               : surya.kumar@cskbank.com
BRANCH ID            : 1

===============EMPLOYEE PORTAL===============
Enter a number to perform the following operation : 
1 - View Profile Details
2 - View list of accounts of your branch
3 - View a customer details of an account
4 - Open a new account for a new customer
5 - View transactions of an account
6 - Open a new account for an existing customer
7 - View Employee Branch Details
8 - Deposit money into an account
9 - Withdraw money from an account
10 - Update Customer details
11 - Update Password

To logout, enter 0
------------------------------
Enter your choice (0 to 12): 
-----------------------------------------------------------------
ACCOUNT NUMBER | CUSTOMER ID | START DATE |  BALANCE   | STATUS
-----------------------------------------------------------------
             1 |           2 | 2024-03-12 |   10500.00 | ACTIVE
             2 |           2 | 2024-03-06 |    8400.00 | ACTIVE
             3 |           3 | 2024-03-06 |    4000.00 | ACTIVE
             4 |           3 | 2024-03-04 |   25000.00 | ACTIVE
             5 |           4 | 2024-03-12 |   93500.00 | ACTIVE
             6 |           5 | 2024-03-05 |   20000.00 | ACTIVE
-----------------------------------------------------------------

===============EMPLOYEE PORTAL===============
Enter a number to perform the following operation : 
1 - View Profile Details
2 - View list of accounts of your branch
3 - View a customer details of an account
4 - Open a new account for a new customer
5 - View transactions of an account
6 - Open a new account for an existing customer
7 - View Employee Branch Details
8 - Deposit money into an account
9 - Withdraw money from an account
10 - Update Customer details
11 - Update Password

To logout, enter 0
------------------------------
Enter your choice (0 to 12): 
Enter customer Id : 
----------------------------------------
CUSTOMER DETAILS                        
----------------------------------------
USER ID              : 4
FIRST NAME           : Niveth
LAST NAME            : S
DATE OF BIRTH        : 2003-01-09
GENDER               : MALE
ADDRESS              : Coimbatore
E-MAIL               : niveth.s@gmail.com
AADHAAR              : 946395734937
PAN                  : KFHTN3955K

===============EMPLOYEE PORTAL===============
Enter a number to perform the following operation : 
1 - View Profile Details
2 - View list of accounts of your branch
3 - View a customer details of an account
4 - Open a new account for a new customer
5 - View transactions of an account
6 - Open a new account for an existing customer
7 - View Employee Branch Details
8 - Deposit money into an account
9 - Withdraw money from an account
10 - Update Customer details
11 - Update Password

To logout, enter 0
------------------------------
Enter your choice (0 to 12): 
Enter the following details : 
Enter First name : 
Enter Last name : 
Enter Gender (0 - Male, 1 - Female, 2 - Other): 
Enter Phone number : 
Enter Email : 
Enter Address : 
Enter Date of birth in DDMMYYYY Format : 
Enter Aadhaar Number : 
Enter PAN Number : 
----------------------------------------
null DETAILS                            
----------------------------------------
USER ID              : 0
FIRST NAME           : Harish
LAST NAME            : S M
DATE OF BIRTH        : 2000-01-01
GENDER               : MALE
ADDRESS              : Karur
E-MAIL               : harish.sm@gmail.com
AADHAAR              : 444455553333
PAN                  : HGJAJ3850J
Enter deposit amount : 
Enter 'y' to confirm creation, 'N' to cancel
1 : SAVINGS
1 : CURRENT
1 : SALARY
Enter the associated number to select the type of account : 
Invalid Selection

===============EMPLOYEE PORTAL===============
Enter a number to perform the following operation : 
1 - View Profile Details
2 - View list of accounts of your branch
3 - View a customer details of an account
4 - Open a new account for a new customer
5 - View transactions of an account
6 - Open a new account for an existing customer
7 - View Employee Branch Details
8 - Deposit money into an account
9 - Withdraw money from an account
10 - Update Customer details
11 - Update Password

To logout, enter 0
------------------------------
Enter your choice (0 to 12): 
Enter 'YES' to confirm logout : 
Logged out successfully.
----------------------------------------
===============HOME===============
Enter a number to perform the following operation : 
1 - Sign in to access your information
2 - Apply for a new account

To exit, enter 0
------------------------------
Enter your choice : 
----------------------------------------
Thank you for visiting us
----------------------------------------
