------------------------------
     WELCOME TO CSK BANK
------------------------------
===============HOME===============
Enter a number to perform the following operation : 
1 - Sign in to access your information
2 - Apply for a new account

To exit, enter 0
------------------------------
Enter your choice : 
Enter your User ID (or 0 to exit): 
Enter your password : 
----------------------------------------
ADMIN DETAILS                           
----------------------------------------
USER ID              : 1
FIRST NAME           : ADMIN
LAST NAME            : USER
DATE OF BIRTH        : 2000-01-19
GENDER               : MALE
ADDRESS              : Address
E-MAIL               : admin@email.com
BRANCH ID            : 1

===============EMPLOYEE PORTAL===============
Enter a number to perform the following operation : 
1 - View Profile Details
2 - View list of accounts of your branch
3 - View a customer details of an account
4 - Open a new account for a new customer
5 - View transactions of an account
6 - Open a new account for an existing customer
7 - View Employee Branch Details
8 - Deposit money into an account
9 - Withdraw money from an account
10 - Update Customer details
11 - Update Password
12 - Go to Admin Portal

To logout, enter 0
------------------------------
Enter your choice (0 to 12): 
----------------------------------------
ADMIN DETAILS                           
----------------------------------------
USER ID              : 1
FIRST NAME           : ADMIN
LAST NAME            : USER
DATE OF BIRTH        : 2000-01-19
GENDER               : MALE
ADDRESS              : Address
E-MAIL               : admin@email.com
BRANCH ID            : 1

===============EMPLOYEE PORTAL===============
Enter a number to perform the following operation : 
1 - View Profile Details
2 - View list of accounts of your branch
3 - View a customer details of an account
4 - Open a new account for a new customer
5 - View transactions of an account
6 - Open a new account for an existing customer
7 - View Employee Branch Details
8 - Deposit money into an account
9 - Withdraw money from an account
10 - Update Customer details
11 - Update Password
12 - Go to Admin Portal

To logout, enter 0
------------------------------
Enter your choice (0 to 12): 
Enter account number to deposit amount : 
Enter deposit amount : 
You have an error in your SQL syntax; check the manual that corresponds to your MySQL server version for the right syntax to use near 'set status = '0' and set last_transacted_at = 1710234231783 where account_number' at line 1

===============EMPLOYEE PORTAL===============
Enter a number to perform the following operation : 
1 - View Profile Details
2 - View list of accounts of your branch
3 - View a customer details of an account
4 - Open a new account for a new customer
5 - View transactions of an account
6 - Open a new account for an existing customer
7 - View Employee Branch Details
8 - Deposit money into an account
9 - Withdraw money from an account
10 - Update Customer details
11 - Update Password
12 - Go to Admin Portal

To logout, enter 0
------------------------------
Enter your choice (0 to 12): 
Enter 'YES' to confirm logout : 
Logged out successfully.
----------------------------------------
===============HOME===============
Enter a number to perform the following operation : 
1 - Sign in to access your information
2 - Apply for a new account

To exit, enter 0
------------------------------
Enter your choice : 
Enter your User ID (or 0 to exit): 
Enter your password : 
----------------------------------------
CUSTOMER DETAILS                        
----------------------------------------
USER ID              : 2
FIRST NAME           : Sharan
LAST NAME            : K
DATE OF BIRTH        : 2002-10-01
GENDER               : MALE
ADDRESS              : Gobichettipalayam
E-MAIL               : sharanshanjay@gmail.com
AADHAAR              : 999845682846
PAN                  : HDKAU8593L
===============CUSTOMER PORTAL===============
Enter a number to perform the following operation : 
1 - View Profile Details
2 - Accounts
3 - View Transactions of an Account
4 - Transfer Amount
5 - View Branch Details of an account
6 - Update Profile Details
7 - Update password
8 - View recent transactions

To logout, enter 0
------------------------------
Enter your choice (0 to 8): 
Is transfer within bank or outside bank : (Enter y for within (or) hit enter for outside)
Enter account number : 
Invalid Selection
===============CUSTOMER PORTAL===============
Enter a number to perform the following operation : 
1 - View Profile Details
2 - Accounts
3 - View Transactions of an Account
4 - Transfer Amount
5 - View Branch Details of an account
6 - Update Profile Details
7 - Update password
8 - View recent transactions

To logout, enter 0
------------------------------
Enter your choice (0 to 8): 
-----------------------------------------------------------------
ACCOUNT NUMBER | CUSTOMER ID | START DATE |  BALANCE   | STATUS
-----------------------------------------------------------------
             1 |           2 | 2024-03-06 |   12500.00 | ACTIVE
             2 |           2 | 2024-03-06 |    8400.00 | ACTIVE
-----------------------------------------------------------------
Enter account number : 
===============CUSTOMER PORTAL===============
Enter a number to perform the following operation : 
1 - View Profile Details
2 - Accounts
3 - View Transactions of an Account
4 - Transfer Amount
5 - View Branch Details of an account
6 - Update Profile Details
7 - Update password
8 - View recent transactions

To logout, enter 0
------------------------------
Enter your choice (0 to 8): 
Is transfer within bank or outside bank : (Enter y for within (or) hit enter for outside)
Enter account number : 
Enter Account number of the account to transfer the money into : 
Enter the amount to tranfer : 
Enter Remarks : 
Enter PIN to confirm : 
Enter 4 digit secure PIN to confirm your request : 
You have an error in your SQL syntax; check the manual that corresponds to your MySQL server version for the right syntax to use near 'set status = '0' and set last_transacted_at = 1710234596331 where account_number' at line 1
===============CUSTOMER PORTAL===============
Enter a number to perform the following operation : 
1 - View Profile Details
2 - Accounts
3 - View Transactions of an Account
4 - Transfer Amount
5 - View Branch Details of an account
6 - Update Profile Details
7 - Update password
8 - View recent transactions

To logout, enter 0
------------------------------
Enter your choice (0 to 8): 
