------------------------------
     WELCOME TO CSK BANK
------------------------------===============HOME===============
Enter a number to perform the following operation : 
1 - Sign in to access your information
2 - Apply for a new account

To exit, enter 0
------------------------------Enter your choice : Enter your User ID (or 0 to exit): Enter your password : 
===============EMPLOYEE PORTAL===============
Enter a number to perform the following operation : 
1 - View Profile Details
2 - View list of accounts of your branch
3 - View a customer details of an account
4 - Open a new account for a new customer

To logout, enter 0
------------------------------Enter your choice (0 to 4): ----------------------------------------EMPLOYEE DETAILS                        ----------------------------------------FIRST NAME           : AdminLAST NAME            : UserDATE OF BIRTH        : 2024-02-19GENDER               : MALEADDRESS              : CSK Bank, Head Office, CheppakMAIL ID              : admin@cskbank.comSTATUS               : ACTIVEBRANCH ID            : 1
===============EMPLOYEE PORTAL===============
Enter a number to perform the following operation : 
1 - View Profile Details
2 - View list of accounts of your branch
3 - View a customer details of an account
4 - Open a new account for a new customer

To logout, enter 0
------------------------------Enter your choice (0 to 4): Enter 'YES' to confirm logout : Logged out successfully.----------------------------------------===============HOME===============
Enter a number to perform the following operation : 
1 - Sign in to access your information
2 - Apply for a new account

To exit, enter 0
------------------------------Enter your choice : ----------------------------------------Thank you for visiting us----------------------------------------