------------------------------
     WELCOME TO CSK BANK
------------------------------
===============HOME===============
Enter a number to perform the following operation : 
1 - Sign in to access your information
2 - Apply for a new account

To exit, enter 0
------------------------------
Enter your choice : 
Enter your User ID (or 0 to exit): 
Enter your password : 
----------------------------------------
CUSTOMER DETAILS                        
----------------------------------------
USER ID              : 2
FIRST NAME           : Sharan
LAST NAME            : K
DATE OF BIRTH        : 2002-10-01
GENDER               : MALE
ADDRESS              : Gobichettipalayam
PHONE                : 9987647808
E-MAIL               : sharanshanjay@gmail.com
AADHAAR              : 999845682846
PAN                  : HDKAU8593L
===============CUSTOMER PORTAL===============
Enter a number to perform the following operation : 
1 - View Profile Details
2 - Accounts
3 - View Transactions of an Account
4 - Transfer Amount
5 - View Branch Details of an account
6 - Update Profile Details
7 - Update password
8 - View recent transactions
9 - View Account Details

To logout, enter 0
------------------------------
Enter your choice (0 to 9): 
-----------------------------------------------------------------
ACCOUNT NUMBER | CUSTOMER ID | START DATE |  BALANCE   | STATUS
-----------------------------------------------------------------
             1 |           2 | 2024-03-12 |    9500.00 | ACTIVE
             2 |           2 | 2024-03-06 |    8400.00 | ACTIVE
-----------------------------------------------------------------
===============CUSTOMER PORTAL===============
Enter a number to perform the following operation : 
1 - View Profile Details
2 - Accounts
3 - View Transactions of an Account
4 - Transfer Amount
5 - View Branch Details of an account
6 - Update Profile Details
7 - Update password
8 - View recent transactions
9 - View Account Details

To logout, enter 0
------------------------------
Enter your choice (0 to 9): 
Enter the account number : 
----------------------------------------
ACCOUNT DETAILS
----------------------------------------
ACCOUNT NUMBER       : 1
ACCOUNT BALANCE      : 9500.0
ACCOUNT TYPE         : SAVINGS
ACCOUNT STATUS       : ACTIVE
CUSTOMER Id          : 2
OPENING DATE         : 2024-03-12
BRANCH CODE          : 1
The choice is invalid
===============CUSTOMER PORTAL===============
Enter a number to perform the following operation : 
1 - View Profile Details
2 - Accounts
3 - View Transactions of an Account
4 - Transfer Amount
5 - View Branch Details of an account
6 - Update Profile Details
7 - Update password
8 - View recent transactions
9 - View Account Details

To logout, enter 0
------------------------------
Enter your choice (0 to 9): 
Enter the account number : 
----------------------------------------
ACCOUNT DETAILS
----------------------------------------
ACCOUNT NUMBER       : 1
ACCOUNT BALANCE      : 9500.0
ACCOUNT TYPE         : SAVINGS
ACCOUNT STATUS       : ACTIVE
CUSTOMER Id          : 2
OPENING DATE         : 2024-03-12
BRANCH CODE          : 1
The choice is invalid
===============CUSTOMER PORTAL===============
Enter a number to perform the following operation : 
1 - View Profile Details
2 - Accounts
3 - View Transactions of an Account
4 - Transfer Amount
5 - View Branch Details of an account
6 - Update Profile Details
7 - Update password
8 - View recent transactions
9 - View Account Details

To logout, enter 0
------------------------------
Enter your choice (0 to 9): 
Enter the account number : 
----------------------------------------
ACCOUNT DETAILS
----------------------------------------
ACCOUNT NUMBER       : 2
ACCOUNT BALANCE      : 8400.0
ACCOUNT TYPE         : SAVINGS
ACCOUNT STATUS       : ACTIVE
CUSTOMER Id          : 2
OPENING DATE         : 2024-03-06
BRANCH CODE          : 1
The choice is invalid
===============CUSTOMER PORTAL===============
Enter a number to perform the following operation : 
1 - View Profile Details
2 - Accounts
3 - View Transactions of an Account
4 - Transfer Amount
5 - View Branch Details of an account
6 - Update Profile Details
7 - Update password
8 - View recent transactions
9 - View Account Details

To logout, enter 0
------------------------------
Enter your choice (0 to 9): 
Enter 'YES' to confirm logout : 
Logout cancelled
===============CUSTOMER PORTAL===============
Enter a number to perform the following operation : 
1 - View Profile Details
2 - Accounts
3 - View Transactions of an Account
4 - Transfer Amount
5 - View Branch Details of an account
6 - Update Profile Details
7 - Update password
8 - View recent transactions
9 - View Account Details

To logout, enter 0
------------------------------
Enter your choice (0 to 9): 
-----------------------------------------------------------------
ACCOUNT NUMBER | CUSTOMER ID | START DATE |  BALANCE   | STATUS
-----------------------------------------------------------------
             1 |           2 | 2024-03-12 |    9500.00 | ACTIVE
             2 |           2 | 2024-03-06 |    8400.00 | ACTIVE
-----------------------------------------------------------------
Enter account number : 
----------------------------------------
BRANCH DETAILS                          
----------------------------------------
ID                   : 1
ADDRESS              : Karaikudi
PHONE                : 9775635324
EMAIL                : karakudi@cskbank.in
IFSC CODE            : CSKB0000001
===============CUSTOMER PORTAL===============
Enter a number to perform the following operation : 
1 - View Profile Details
2 - Accounts
3 - View Transactions of an Account
4 - Transfer Amount
5 - View Branch Details of an account
6 - Update Profile Details
7 - Update password
8 - View recent transactions
9 - View Account Details

To logout, enter 0
------------------------------
Enter your choice (0 to 9): 
Enter 'YES' to confirm logout : 
Logged out successfully.
----------------------------------------
===============HOME===============
Enter a number to perform the following operation : 
1 - Sign in to access your information
2 - Apply for a new account

To exit, enter 0
------------------------------
Enter your choice : 
----------------------------------------
Thank you for visiting us
----------------------------------------
