------------------------------
     WELCOME TO CSK BANK
------------------------------
===============HOME===============
Enter a number to perform the following operation : 
1 - Sign in to access your information
2 - Apply for a new account

To exit, enter 0
------------------------------
Enter your choice : 
Enter your User ID (or 0 to exit): 
Enter your password : 
The password must contain a minimum of 8 characters with both upper and lower case, start with a letter, have a special character and a number
----------------------------------------
===============HOME===============
Enter a number to perform the following operation : 
1 - Sign in to access your information
2 - Apply for a new account

To exit, enter 0
------------------------------
Enter your choice : 
Enter your User ID (or 0 to exit): 
Enter your password : 
===============CUSTOMER PORTAL===============
Enter a number to perform the following operation : 
1 - View Profile Details
2 - Accounts
3 - View Transactions of an Account
4 - Transfer Amount
5 - Update Profile

To logout, enter 0
------------------------------
Enter your choice (0 to 5): 
----------------------------------------
CUSTOMER DETAILS                        
----------------------------------------
FIRST NAME           : Sharan
LAST NAME            : L
DATE OF BIRTH        : 2002-02-20
GENDER               : MALE
ADDRESS              : Erode
MAIL ID              : sharan@gmail.com
STATUS               : ACTIVE
AADHAAR              : 582476593028
PAN                  : GELTU7591B
===============CUSTOMER PORTAL===============
Enter a number to perform the following operation : 
1 - View Profile Details
2 - Accounts
3 - View Transactions of an Account
4 - Transfer Amount
5 - Update Profile

To logout, enter 0
------------------------------
Enter your choice (0 to 5): 
SNO | ACCOUNT NUMBER | CUSTOMER ID | START DATE |  BALANCE   | STATUS
----------------------------------------------------------------------
  1 | 00000000000002 |           3 | 2024-02-27 |   11200.00 | ACTIVE
Enter the associated serial number : 
===============CUSTOMER PORTAL===============
Enter a number to perform the following operation : 
1 - View Profile Details
2 - Accounts
3 - View Transactions of an Account
4 - Transfer Amount
5 - Update Profile

To logout, enter 0
------------------------------
Enter your choice (0 to 5): 
SNO | ACCOUNT NUMBER | CUSTOMER ID | START DATE |  BALANCE   | STATUS
----------------------------------------------------------------------
  1 | 00000000000002 |           3 | 2024-02-27 |   11200.00 | ACTIVE
Enter the associated serial number : 
--------------------------------------------------------------------------------
   ID   | TITLE                |    DATE    |   AMOUNT   |   BALANCE  | TYPE
--------------------------------------------------------------------------------
 2      | Fees                 | 2024-02-28 |    1200.00 |   11200.00 | CREDIT 
--------------------------------------------------------------------------------
===============CUSTOMER PORTAL===============
Enter a number to perform the following operation : 
1 - View Profile Details
2 - Accounts
3 - View Transactions of an Account
4 - Transfer Amount
5 - Update Profile

To logout, enter 0
------------------------------
Enter your choice (0 to 5): 
Enter 'YES' to confirm logout : 
Logged out successfully.
----------------------------------------
===============HOME===============
Enter a number to perform the following operation : 
1 - Sign in to access your information
2 - Apply for a new account

To exit, enter 0
------------------------------
Enter your choice : 
Enter your User ID (or 0 to exit): 
Enter your password : 
===============CUSTOMER PORTAL===============
Enter a number to perform the following operation : 
1 - View Profile Details
2 - Accounts
3 - View Transactions of an Account
4 - Transfer Amount
5 - Update Profile

To logout, enter 0
------------------------------
Enter your choice (0 to 5): 
SNO | ACCOUNT NUMBER | CUSTOMER ID | START DATE |  BALANCE   | STATUS
----------------------------------------------------------------------
  1 | 00000000000001 |           2 | 2024-02-27 |    7800.00 | ACTIVE
Enter the associated serial number : 
--------------------------------------------------------------------------------
   ID   | TITLE                |    DATE    |   AMOUNT   |   BALANCE  | TYPE
--------------------------------------------------------------------------------
 1      | 0                    | 2024-02-28 |       0.00 |   10000.00 |  DEBIT 
 2      | Fees                 | 2024-02-28 |    1200.00 |    8800.00 |  DEBIT 
 3      | A/c No:12/Test       | 2024-02-28 |    1000.00 |    7800.00 |  DEBIT 
--------------------------------------------------------------------------------
===============CUSTOMER PORTAL===============
Enter a number to perform the following operation : 
1 - View Profile Details
2 - Accounts
3 - View Transactions of an Account
4 - Transfer Amount
5 - Update Profile

To logout, enter 0
------------------------------
Enter your choice (0 to 5): 
Is transfer within bank or outside bank : (Enter y for within (or) hit enter for outside)
Enter Account number of the account to transfer the money into : 
Enter the amount to tranfer : 
Enter Remarks : 
The account selected does not contain sufficient balance for the transaction
===============CUSTOMER PORTAL===============
Enter a number to perform the following operation : 
1 - View Profile Details
2 - Accounts
3 - View Transactions of an Account
4 - Transfer Amount
5 - Update Profile

To logout, enter 0
------------------------------
Enter your choice (0 to 5): 
No line found
Enter your choice (0 to 5): 
No line found
Enter your choice (0 to 5): 
No line found
Enter your choice (0 to 5): 
No line found
Enter your choice (0 to 5): 
