------------------------------
     WELCOME TO CSK BANK
------------------------------
===============HOME===============
Enter a number to perform the following operation : 
1 - Sign in to access your information
2 - Apply for a new account

To exit, enter 0
------------------------------
Enter your choice : 
Enter your User ID (or 0 to exit): 
Enter your password : 
A valid object is expected. Please provide an appropriate object
You have 3 more attemps to login
Enter your User ID (or 0 to exit): 
Enter your password : 
The credentials entered for the acount is incorrect. Please try again
You have 2 more attemps to login
Enter your User ID (or 0 to exit): 
Enter your password : 
The credentials entered for the acount is incorrect. Please try again
Login Failed. Please try again after sometime.
Enter your User ID (or 0 to exit): 
An integer value is expected. Please enter a valid integer.
Enter your password : 
A valid object is expected. Please provide an appropriate object
Login Failed. Please try again after sometime.
Enter your User ID (or 0 to exit): 
----------------------------------------
===============HOME===============
Enter a number to perform the following operation : 
1 - Sign in to access your information
2 - Apply for a new account

To exit, enter 0
------------------------------
Enter your choice : 
----------------------------------------
Thank you for visiting us
----------------------------------------
