------------------------------
     WELCOME TO CSK BANK
------------------------------ 
===============HOME===============
Enter a number to perform the following operation : 
1 - Sign in to access your information
2 - Apply for a new account

To exit, enter 0
------------------------------ 
Enter your choice :  
Enter your User ID (or 0 to exit):  
Enter your password :  

===============EMPLOYEE PORTAL===============
Enter a number to perform the following operation : 
1 - View Profile Details
2 - View list of accounts of your branch
3 - View a customer details of an account
4 - Open a new account for a new customer

To logout, enter 0
------------------------------ 
Enter your choice (0 to 4):  
Enter the following details :  
Enter First name :  
Enter Last name :  
Enter Gender :  
Enter Phone number name :  
Enter Email :  
Enter Address :  
Enter Date of birth in DDMMYYYY Format :  
Enter Aadhaar Number :  
Enter PAN Number :  
---------------------------------------- 
null DETAILS                             
---------------------------------------- 
FIRST NAME           : Sharan 
LAST NAME            : K 
DATE OF BIRTH        : 2002-02-20 
GENDER               : MALE 
ADDRESS              : Gobi 
MAIL ID              : sharan@gmail.com 
STATUS               : null 
AADHAAR              : 834795983475 
PAN                  : KJATN3487L 
Enter 'y' to confirm creation, 'N' to cancel 
Value '12345678901237' is outside of valid range for type java.lang.Integer 

===============EMPLOYEE PORTAL===============
Enter a number to perform the following operation : 
1 - View Profile Details
2 - View list of accounts of your branch
3 - View a customer details of an account
4 - Open a new account for a new customer

To logout, enter 0
------------------------------ 
Enter your choice (0 to 4):  
---------------------------------------- 
ACCOUNT DETAILS 
---------------------------------------- 
ACCOUNT NUMBER       : 1234567890 
ACCOUNT BALANCE      : 0.0 
ACCOUNT TYPE         : SAVINGS 
ACCOUNT STATUS       : ACTIVE 
CUSTOMER ID          : 1 
OPENING DATE         : 1970-01-01 
BRANCH CODE          : 1 
---------------------------------------- 
ACCOUNT DETAILS 
---------------------------------------- 
ACCOUNT NUMBER       : 12345678901234 
ACCOUNT BALANCE      : 0.0 
ACCOUNT TYPE         : SAVINGS 
ACCOUNT STATUS       : ACTIVE 
CUSTOMER ID          : 1 
OPENING DATE         : 1970-01-01 
BRANCH CODE          : 1 
---------------------------------------- 
ACCOUNT DETAILS 
---------------------------------------- 
ACCOUNT NUMBER       : 12345678901236 
ACCOUNT BALANCE      : 10000.0 
ACCOUNT TYPE         : SAVINGS 
ACCOUNT STATUS       : ACTIVE 
CUSTOMER ID          : 8 
OPENING DATE         : 1970-01-02 
BRANCH CODE          : 1 
---------------------------------------- 
ACCOUNT DETAILS 
---------------------------------------- 
ACCOUNT NUMBER       : 12345678901237 
ACCOUNT BALANCE      : 10000.0 
ACCOUNT TYPE         : SAVINGS 
ACCOUNT STATUS       : ACTIVE 
CUSTOMER ID          : 10 
OPENING DATE         : 2024-02-27 
BRANCH CODE          : 1 

===============EMPLOYEE PORTAL===============
Enter a number to perform the following operation : 
1 - View Profile Details
2 - View list of accounts of your branch
3 - View a customer details of an account
4 - Open a new account for a new customer

To logout, enter 0
------------------------------ 
Enter your choice (0 to 4):  
An integer value is expected. Please enter a valid integer. 
Enter 'YES' to confirm logout :  
Logged out successfully. 
---------------------------------------- 
===============HOME===============
Enter a number to perform the following operation : 
1 - Sign in to access your information
2 - Apply for a new account

To exit, enter 0
------------------------------ 
Enter your choice :  
Enter your User ID (or 0 to exit):  
Enter your password :  
===============CUSTOMER PORTAL===============
Enter a number to perform the following operation : 
1 - View Profile Details
2 - Accounts
3 - View Statement of Account
4 - Transfer Amount
5 - Update Profile

To logout, enter 0
------------------------------ 
Enter your choice (0 to 5):  
---------------------------------------- 
CUSTOMER DETAILS                         
---------------------------------------- 
FIRST NAME           : Sharan 
LAST NAME            : K 
DATE OF BIRTH        : 2002-02-20 
GENDER               : MALE 
ADDRESS              : Gobi 
MAIL ID              : sharan@gmail.com 
STATUS               : ACTIVE 
AADHAAR              : 834795983475 
PAN                  : KJATN3487L 
===============CUSTOMER PORTAL===============
Enter a number to perform the following operation : 
1 - View Profile Details
2 - Accounts
3 - View Statement of Account
4 - Transfer Amount
5 - Update Profile

To logout, enter 0
------------------------------ 
Enter your choice (0 to 5):  
Accounts mapped to the user : 1 
---------------------------------------- 
ACCOUNT DETAILS 
---------------------------------------- 
ACCOUNT NUMBER       : 12345678901237 
ACCOUNT BALANCE      : 10000.0 
ACCOUNT TYPE         : SAVINGS 
ACCOUNT STATUS       : ACTIVE 
CUSTOMER ID          : 10 
OPENING DATE         : 2024-02-27 
BRANCH CODE          : 1 
===============CUSTOMER PORTAL===============
Enter a number to perform the following operation : 
1 - View Profile Details
2 - Accounts
3 - View Statement of Account
4 - Transfer Amount
5 - Update Profile

To logout, enter 0
------------------------------ 
Enter your choice (0 to 5):  
Enter 'YES' to confirm logout :  
Logged out successfully. 
---------------------------------------- 
===============HOME===============
Enter a number to perform the following operation : 
1 - Sign in to access your information
2 - Apply for a new account

To exit, enter 0
------------------------------ 
Enter your choice :  
---------------------------------------- 
Thank you for visiting us 
---------------------------------------- 
