------------------------------
     WELCOME TO CSK BANK
------------------------------
===============HOME===============
Enter a number to perform the following operation : 
1 - Sign in to access your information
2 - Apply for a new account

To exit, enter 0
------------------------------
Enter your choice : 
Enter your User ID (or 0 to exit): 
A number is expected. Please enter a valid integer.
Enter your password : 
The password must contain a minimum of 8 characters with both upper and lower case, start with a letter, have a special character and a number
----------------------------------------
===============HOME===============
Enter a number to perform the following operation : 
1 - Sign in to access your information
2 - Apply for a new account

To exit, enter 0
------------------------------
Enter your choice : 
Enter your User ID (or 0 to exit): 
Enter your password : 

===============EMPLOYEE PORTAL===============
Enter a number to perform the following operation : 
1 - View Profile Details
2 - View list of accounts of your branch
3 - View a customer details of an account
4 - Open a new account for a new customer
5 - View transactions of an account

To logout, enter 0
------------------------------
Enter your choice (0 to 5): 
----------------------------------------
EMPLOYEE DETAILS                        
----------------------------------------
FIRST NAME           : ADMIN
LAST NAME            : USER
DATE OF BIRTH        : 1970-01-01
GENDER               : MALE
ADDRESS              : Address
MAIL ID              : admin@email.com
STATUS               : ACTIVE
BRANCH ID            : 1

===============EMPLOYEE PORTAL===============
Enter a number to perform the following operation : 
1 - View Profile Details
2 - View list of accounts of your branch
3 - View a customer details of an account
4 - Open a new account for a new customer
5 - View transactions of an account

To logout, enter 0
------------------------------
Enter your choice (0 to 5): 
No accounts found

===============EMPLOYEE PORTAL===============
Enter a number to perform the following operation : 
1 - View Profile Details
2 - View list of accounts of your branch
3 - View a customer details of an account
4 - Open a new account for a new customer
5 - View transactions of an account

To logout, enter 0
------------------------------
Enter your choice (0 to 5): 
No accounts found
Enter the serial number of the account number you want to view the customer : 
Invalid selection

===============EMPLOYEE PORTAL===============
Enter a number to perform the following operation : 
1 - View Profile Details
2 - View list of accounts of your branch
3 - View a customer details of an account
4 - Open a new account for a new customer
5 - View transactions of an account

To logout, enter 0
------------------------------
Enter your choice (0 to 5): 
Enter the following details : 
Enter First name : 
The first name must contain atleast 4 characters.

===============EMPLOYEE PORTAL===============
Enter a number to perform the following operation : 
1 - View Profile Details
2 - View list of accounts of your branch
3 - View a customer details of an account
4 - Open a new account for a new customer
5 - View transactions of an account

To logout, enter 0
------------------------------
Enter your choice (0 to 5): 
No line found
Enter your choice (0 to 5): 
No line found
