------------------------------
     WELCOME TO CSK BANK
------------------------------
===============HOME===============
Enter a number to perform the following operation : 
1 - Sign in to access your information
2 - Apply for a new account

To exit, enter 0
------------------------------
Enter your choice : 
Enter your User ID (or 0 to exit): 
Enter your password : 

===============EMPLOYEE PORTAL===============
Enter a number to perform the following operation : 
1 - View Profile Details
2 - View list of accounts of your branch
3 - View a customer details of an account
4 - Open a new account for a new customer
5 - View transactions of an account
6 - Open a new account for an existing customer
7 - View Employee Branch Details
8 - Deposit money into an account
9 - Withdraw money from an account
10 - Update Customer details

To logout, enter 0
------------------------------
Enter your choice (0 to 10): 
Enter customer ID : 
1 : ADDRESS
2 : EMAIL
3 : DATE_OF_BIRTH
4 : MOBILE
5 : AADHAAR_NUMBER
6 : PAN_NUMBER
Select a field to update. Enter the corresponding number
Enter Date of birth in DDMMYYYY Format : 
Invalid value for MonthOfYear (valid values 1 - 12): 20

===============EMPLOYEE PORTAL===============
Enter a number to perform the following operation : 
1 - View Profile Details
2 - View list of accounts of your branch
3 - View a customer details of an account
4 - Open a new account for a new customer
5 - View transactions of an account
6 - Open a new account for an existing customer
7 - View Employee Branch Details
8 - Deposit money into an account
9 - Withdraw money from an account
10 - Update Customer details

To logout, enter 0
------------------------------
Enter your choice (0 to 10): 
Enter customer ID : 
1 : ADDRESS
2 : EMAIL
3 : DATE_OF_BIRTH
4 : MOBILE
5 : AADHAAR_NUMBER
6 : PAN_NUMBER
Select a field to update. Enter the corresponding number
Enter Date of birth in DDMMYYYY Format : 
Invalid value for MonthOfYear (valid values 1 - 12): 20

===============EMPLOYEE PORTAL===============
Enter a number to perform the following operation : 
1 - View Profile Details
2 - View list of accounts of your branch
3 - View a customer details of an account
4 - Open a new account for a new customer
5 - View transactions of an account
6 - Open a new account for an existing customer
7 - View Employee Branch Details
8 - Deposit money into an account
9 - Withdraw money from an account
10 - Update Customer details

To logout, enter 0
------------------------------
Enter your choice (0 to 10): 
Enter customer ID : 
1 : ADDRESS
2 : EMAIL
3 : DATE_OF_BIRTH
4 : MOBILE
5 : AADHAAR_NUMBER
6 : PAN_NUMBER
Select a field to update. Enter the corresponding number

===============EMPLOYEE PORTAL===============
Enter a number to perform the following operation : 
1 - View Profile Details
2 - View list of accounts of your branch
3 - View a customer details of an account
4 - Open a new account for a new customer
5 - View transactions of an account
6 - Open a new account for an existing customer
7 - View Employee Branch Details
8 - Deposit money into an account
9 - Withdraw money from an account
10 - Update Customer details

To logout, enter 0
------------------------------
Enter your choice (0 to 10): 
-----------------------------------------------------------------
ACCOUNT NUMBER | CUSTOMER ID | START DATE |  BALANCE   | STATUS
-----------------------------------------------------------------
             1 |           2 | 2024-03-01 |    8000.00 | ACTIVE
             2 |           2 | 2024-03-01 |   14500.00 | ACTIVE
             3 |           3 | 2024-03-04 |    6500.00 | ACTIVE
             4 |           3 | 2024-03-04 |   25000.00 | ACTIVE
-----------------------------------------------------------------
Enter account number : 
----------------------------------------
CUSTOMER DETAILS                        
----------------------------------------
FIRST NAME           : Sharan
LAST NAME            : K
DATE OF BIRTH        : 2002-10-01
GENDER               : MALE
ADDRESS              : KCT, Coimbatore
MAIL ID              : sharan@gmail.com
STATUS               : ACTIVE
AADHAAR              : 999845682846
PAN                  : HDKAU8593L

===============EMPLOYEE PORTAL===============
Enter a number to perform the following operation : 
1 - View Profile Details
2 - View list of accounts of your branch
3 - View a customer details of an account
4 - Open a new account for a new customer
5 - View transactions of an account
6 - Open a new account for an existing customer
7 - View Employee Branch Details
8 - Deposit money into an account
9 - Withdraw money from an account
10 - Update Customer details

To logout, enter 0
------------------------------
Enter your choice (0 to 10): 
Enter customer ID : 
1 : ADDRESS
2 : EMAIL
3 : DATE_OF_BIRTH
4 : MOBILE
5 : AADHAAR_NUMBER
6 : PAN_NUMBER
Select a field to update. Enter the corresponding number

===============EMPLOYEE PORTAL===============
Enter a number to perform the following operation : 
1 - View Profile Details
2 - View list of accounts of your branch
3 - View a customer details of an account
4 - Open a new account for a new customer
5 - View transactions of an account
6 - Open a new account for an existing customer
7 - View Employee Branch Details
8 - Deposit money into an account
9 - Withdraw money from an account
10 - Update Customer details

To logout, enter 0
------------------------------
Enter your choice (0 to 10): 
-----------------------------------------------------------------
ACCOUNT NUMBER | CUSTOMER ID | START DATE |  BALANCE   | STATUS
-----------------------------------------------------------------
             1 |           2 | 2024-03-01 |    8000.00 | ACTIVE
             2 |           2 | 2024-03-01 |   14500.00 | ACTIVE
             3 |           3 | 2024-03-04 |    6500.00 | ACTIVE
             4 |           3 | 2024-03-04 |   25000.00 | ACTIVE
-----------------------------------------------------------------
Enter account number : 
-----------------------------------------------------------------------------------------------
   ID   | TITLE                | ACCOUNT NUMBER |    DATE    |   AMOUNT   |   BALANCE  | TYPE
-----------------------------------------------------------------------------------------------
-----------------------------------------------------------------------------------------------

===============EMPLOYEE PORTAL===============
Enter a number to perform the following operation : 
1 - View Profile Details
2 - View list of accounts of your branch
3 - View a customer details of an account
4 - Open a new account for a new customer
5 - View transactions of an account
6 - Open a new account for an existing customer
7 - View Employee Branch Details
8 - Deposit money into an account
9 - Withdraw money from an account
10 - Update Customer details

To logout, enter 0
------------------------------
Enter your choice (0 to 10): 
Enter 'YES' to confirm logout : 
Logged out successfully.
----------------------------------------
===============HOME===============
Enter a number to perform the following operation : 
1 - Sign in to access your information
2 - Apply for a new account

To exit, enter 0
------------------------------
Enter your choice : 
Enter your User ID (or 0 to exit): 
Enter your password : 
===============CUSTOMER PORTAL===============
Enter a number to perform the following operation : 
1 - View Profile Details
2 - Accounts
3 - View Transactions of an Account
4 - Transfer Amount
5 - View Branch Details of an account
6 - Update Profile Details

To logout, enter 0
------------------------------
Enter your choice (0 to 6): 
----------------------------------------
CUSTOMER DETAILS                        
----------------------------------------
FIRST NAME           : Sharan
LAST NAME            : K
DATE OF BIRTH        : 2002-10-01
GENDER               : MALE
ADDRESS              : KCT, Coimbatore
MAIL ID              : sharan@gmail.com
STATUS               : ACTIVE
AADHAAR              : 999845682846
PAN                  : HDKAU8593L
===============CUSTOMER PORTAL===============
Enter a number to perform the following operation : 
1 - View Profile Details
2 - Accounts
3 - View Transactions of an Account
4 - Transfer Amount
5 - View Branch Details of an account
6 - Update Profile Details

To logout, enter 0
------------------------------
Enter your choice (0 to 6): 
Enter 'YES' to confirm logout : 
Logged out successfully.
----------------------------------------
===============HOME===============
Enter a number to perform the following operation : 
1 - Sign in to access your information
2 - Apply for a new account

To exit, enter 0
------------------------------
Enter your choice : 
Invalid number. Please enter a number between 0 and 3
Enter your choice : 
Enter your User ID (or 0 to exit): 
Enter your password : 
The user record for the given information does not exist.
----------------------------------------
===============HOME===============
Enter a number to perform the following operation : 
1 - Sign in to access your information
2 - Apply for a new account

To exit, enter 0
------------------------------
Enter your choice : 
Enter your User ID (or 0 to exit): 
Enter your password : 
The credentials entered for the acount is incorrect. Please try again
----------------------------------------
===============HOME===============
Enter a number to perform the following operation : 
1 - Sign in to access your information
2 - Apply for a new account

To exit, enter 0
------------------------------
Enter your choice : 
Enter your User ID (or 0 to exit): 
Enter your password : 

===============EMPLOYEE PORTAL===============
Enter a number to perform the following operation : 
1 - View Profile Details
2 - View list of accounts of your branch
3 - View a customer details of an account
4 - Open a new account for a new customer
5 - View transactions of an account
6 - Open a new account for an existing customer
7 - View Employee Branch Details
8 - Deposit money into an account
9 - Withdraw money from an account
10 - Update Customer details

To logout, enter 0
------------------------------
Enter your choice (0 to 10): 
-----------------------------------------------------------------
ACCOUNT NUMBER | CUSTOMER ID | START DATE |  BALANCE   | STATUS
-----------------------------------------------------------------
             1 |           2 | 2024-03-01 |    8000.00 | ACTIVE
             2 |           2 | 2024-03-01 |   14500.00 | ACTIVE
             3 |           3 | 2024-03-04 |    6500.00 | ACTIVE
             4 |           3 | 2024-03-04 |   25000.00 | ACTIVE
-----------------------------------------------------------------
Enter account number : 
----------------------------------------
CUSTOMER DETAILS                        
----------------------------------------
FIRST NAME           : Ponvel
LAST NAME            : K
DATE OF BIRTH        : 2004-09-12
GENDER               : MALE
ADDRESS              : Coimbatore
MAIL ID              : ponvel@gmail.com
STATUS               : ACTIVE
AADHAAR              : 335533453243
PAN                  : KBCTH4839J

===============EMPLOYEE PORTAL===============
Enter a number to perform the following operation : 
1 - View Profile Details
2 - View list of accounts of your branch
3 - View a customer details of an account
4 - Open a new account for a new customer
5 - View transactions of an account
6 - Open a new account for an existing customer
7 - View Employee Branch Details
8 - Deposit money into an account
9 - Withdraw money from an account
10 - Update Customer details

To logout, enter 0
------------------------------
Enter your choice (0 to 10): 
Enter 'YES' to confirm logout : 
Logged out successfully.
----------------------------------------
===============HOME===============
Enter a number to perform the following operation : 
1 - Sign in to access your information
2 - Apply for a new account

To exit, enter 0
------------------------------
Enter your choice : 
----------------------------------------
Thank you for visiting us
----------------------------------------
