------------------------------
     WELCOME TO CSK BANK
------------------------------
===============HOME===============
Enter a number to perform the following operation : 
1 - Sign in to access your information
2 - Apply for a new account

To exit, enter 0
------------------------------
Enter your choice : 
Enter your User ID (or 0 to exit): 
Enter your password : 
The credentials entered for the acount is incorrect. Please try again
----------------------------------------
===============HOME===============
Enter a number to perform the following operation : 
1 - Sign in to access your information
2 - Apply for a new account

To exit, enter 0
------------------------------
Enter your choice : 
Enter your User ID (or 0 to exit): 
Enter your password : 

===============EMPLOYEE PORTAL===============
Enter a number to perform the following operation : 
1 - View Profile Details
2 - View list of accounts of your branch
3 - View a customer details of an account
4 - Open a new account for a new customer
5 - View transactions of an account
6 - Open a new account for an existing customer
7 - View Employee Branch Details
8 - Deposit money into an account
9 - Withdraw money from an account
10 - Update Customer details
11 - Update Password

To logout, enter 0
------------------------------
Enter your choice (0 to 11): 
Enter the following details : 
Enter First name : 
Enter Last name : 
Enter Gender : 
Enter Phone number : 
Enter Email : 
Enter Address : 
Enter Date of birth in DDMMYYYY Format : 
Enter Aadhaar Number : 
Enter PAN Number : 
----------------------------------------
null DETAILS                            
----------------------------------------
FIRST NAME           : Saai
LAST NAME            : Vignesh
DATE OF BIRTH        : 2002-10-14
GENDER               : MALE
ADDRESS              : Coimbatore
MAIL ID              : saai@gmail.com
STATUS               : null
AADHAAR              : 385749374937
PAN                  : JFLAH3953J
Enter deposit amount : 
Enter 'y' to confirm creation, 'N' to cancel
----------------------------------------
CUSTOMER AND ACCOUNT HAS BEEN CREATED SUCCESSFULLY
----------------------------------------
CUSTOMER DETAILS                        
----------------------------------------
FIRST NAME           : Saai
LAST NAME            : Vignesh
DATE OF BIRTH        : 2002-10-14
GENDER               : MALE
ADDRESS              : Coimbatore
MAIL ID              : saai@gmail.com
STATUS               : ACTIVE
AADHAAR              : 385749374937
PAN                  : JFLAH3953J
----------------------------------------
ACCOUNT DETAILS
----------------------------------------
ACCOUNT NUMBER       : 6
ACCOUNT BALANCE      : 30000.0
ACCOUNT TYPE         : SAVINGS
ACCOUNT STATUS       : ACTIVE
CUSTOMER ID          : 5
OPENING DATE         : 2024-03-05
BRANCH CODE          : 1

===============EMPLOYEE PORTAL===============
Enter a number to perform the following operation : 
1 - View Profile Details
2 - View list of accounts of your branch
3 - View a customer details of an account
4 - Open a new account for a new customer
5 - View transactions of an account
6 - Open a new account for an existing customer
7 - View Employee Branch Details
8 - Deposit money into an account
9 - Withdraw money from an account
10 - Update Customer details
11 - Update Password

To logout, enter 0
------------------------------
Enter your choice (0 to 11): 
Enter 'YES' to confirm logout : 
Logout cancelled

===============EMPLOYEE PORTAL===============
Enter a number to perform the following operation : 
1 - View Profile Details
2 - View list of accounts of your branch
3 - View a customer details of an account
4 - Open a new account for a new customer
5 - View transactions of an account
6 - Open a new account for an existing customer
7 - View Employee Branch Details
8 - Deposit money into an account
9 - Withdraw money from an account
10 - Update Customer details
11 - Update Password

To logout, enter 0
------------------------------
Enter your choice (0 to 11): 
-----------------------------------------------------------------
ACCOUNT NUMBER | CUSTOMER ID | START DATE |  BALANCE   | STATUS
-----------------------------------------------------------------
             1 |           2 | 2024-03-01 |    8000.00 | ACTIVE
             2 |           2 | 2024-03-01 |   14500.00 | ACTIVE
             3 |           3 | 2024-03-04 |    6500.00 | ACTIVE
             4 |           3 | 2024-03-04 |   25000.00 | ACTIVE
             5 |           4 | 2024-03-05 |   50000.00 | ACTIVE
             6 |           5 | 2024-03-05 |   30000.00 | ACTIVE
-----------------------------------------------------------------
Enter account number : 

===============EMPLOYEE PORTAL===============
Enter a number to perform the following operation : 
1 - View Profile Details
2 - View list of accounts of your branch
3 - View a customer details of an account
4 - Open a new account for a new customer
5 - View transactions of an account
6 - Open a new account for an existing customer
7 - View Employee Branch Details
8 - Deposit money into an account
9 - Withdraw money from an account
10 - Update Customer details
11 - Update Password

To logout, enter 0
------------------------------
Enter your choice (0 to 11): 
A number is expected. Please enter a valid integer.
----------------------------------------
EMPLOYEE DETAILS                        
----------------------------------------
FIRST NAME           : ADMIN
LAST NAME            : USER
DATE OF BIRTH        : 1970-01-01
GENDER               : MALE
ADDRESS              : Address
MAIL ID              : admin@email.com
STATUS               : ACTIVE
BRANCH ID            : 1

===============EMPLOYEE PORTAL===============
Enter a number to perform the following operation : 
1 - View Profile Details
2 - View list of accounts of your branch
3 - View a customer details of an account
4 - Open a new account for a new customer
5 - View transactions of an account
6 - Open a new account for an existing customer
7 - View Employee Branch Details
8 - Deposit money into an account
9 - Withdraw money from an account
10 - Update Customer details
11 - Update Password

To logout, enter 0
------------------------------
Enter your choice (0 to 11): 
-----------------------------------------------------------------
ACCOUNT NUMBER | CUSTOMER ID | START DATE |  BALANCE   | STATUS
-----------------------------------------------------------------
             1 |           2 | 2024-03-01 |    8000.00 | ACTIVE
             2 |           2 | 2024-03-01 |   14500.00 | ACTIVE
             3 |           3 | 2024-03-04 |    6500.00 | ACTIVE
             4 |           3 | 2024-03-04 |   25000.00 | ACTIVE
             5 |           4 | 2024-03-05 |   50000.00 | ACTIVE
             6 |           5 | 2024-03-05 |   30000.00 | ACTIVE
-----------------------------------------------------------------
Enter account number : 

===============EMPLOYEE PORTAL===============
Enter a number to perform the following operation : 
1 - View Profile Details
2 - View list of accounts of your branch
3 - View a customer details of an account
4 - Open a new account for a new customer
5 - View transactions of an account
6 - Open a new account for an existing customer
7 - View Employee Branch Details
8 - Deposit money into an account
9 - Withdraw money from an account
10 - Update Customer details
11 - Update Password

To logout, enter 0
------------------------------
Enter your choice (0 to 11): 
Enter 'YES' to confirm logout : 
Logged out successfully.
----------------------------------------
===============HOME===============
Enter a number to perform the following operation : 
1 - Sign in to access your information
2 - Apply for a new account

To exit, enter 0
------------------------------
Enter your choice : 
Enter your User ID (or 0 to exit): 
Enter your password : 
===============CUSTOMER PORTAL===============
Enter a number to perform the following operation : 
1 - View Profile Details
2 - Accounts
3 - View Transactions of an Account
4 - Transfer Amount
5 - View Branch Details of an account
6 - Update Profile Details
7 - Update password

To logout, enter 0
------------------------------
Enter your choice (0 to 7): 
-----------------------------------------------------------------
ACCOUNT NUMBER | CUSTOMER ID | START DATE |  BALANCE   | STATUS
-----------------------------------------------------------------
             6 |           5 | 2024-03-05 |   30000.00 | ACTIVE
-----------------------------------------------------------------
-----------------------------------------------------------------------------------------------
   ID   | TITLE                | ACCOUNT NUMBER |    DATE    |   AMOUNT   |   BALANCE  | TYPE
-----------------------------------------------------------------------------------------------
 6      | BANK_DEPOSIT         |              0 | 2024-03-05 |   30000.00 |   30000.00 | CREDIT 
-----------------------------------------------------------------------------------------------
===============CUSTOMER PORTAL===============
Enter a number to perform the following operation : 
1 - View Profile Details
2 - Accounts
3 - View Transactions of an Account
4 - Transfer Amount
5 - View Branch Details of an account
6 - Update Profile Details
7 - Update password

To logout, enter 0
------------------------------
Enter your choice (0 to 7): 
Is transfer within bank or outside bank : (Enter y for within (or) hit enter for outside)
Enter Account number of the account to transfer the money into : 
Enter the amount to tranfer : 
Enter Remarks : 
The balance amount for the given account could not be obtained.
===============CUSTOMER PORTAL===============
Enter a number to perform the following operation : 
1 - View Profile Details
2 - Accounts
3 - View Transactions of an Account
4 - Transfer Amount
5 - View Branch Details of an account
6 - Update Profile Details
7 - Update password

To logout, enter 0
------------------------------
Enter your choice (0 to 7): 
Is transfer within bank or outside bank : (Enter y for within (or) hit enter for outside)
Enter Account number of the account to transfer the money into : 
Enter the amount to tranfer : 
Enter Remarks : 
The balance amount for the given account could not be obtained.
===============CUSTOMER PORTAL===============
Enter a number to perform the following operation : 
1 - View Profile Details
2 - Accounts
3 - View Transactions of an Account
4 - Transfer Amount
5 - View Branch Details of an account
6 - Update Profile Details
7 - Update password

To logout, enter 0
------------------------------
Enter your choice (0 to 7): 
-----------------------------------------------------------------
ACCOUNT NUMBER | CUSTOMER ID | START DATE |  BALANCE   | STATUS
-----------------------------------------------------------------
             6 |           5 | 2024-03-05 |   30000.00 | ACTIVE
-----------------------------------------------------------------
===============CUSTOMER PORTAL===============
Enter a number to perform the following operation : 
1 - View Profile Details
2 - Accounts
3 - View Transactions of an Account
4 - Transfer Amount
5 - View Branch Details of an account
6 - Update Profile Details
7 - Update password

To logout, enter 0
------------------------------
Enter your choice (0 to 7): 
Is transfer within bank or outside bank : (Enter y for within (or) hit enter for outside)
Enter Account number of the account to transfer the money into : 
Enter the amount to tranfer : 
Enter Remarks : 
The balance amount for the given account could not be obtained.
===============CUSTOMER PORTAL===============
Enter a number to perform the following operation : 
1 - View Profile Details
2 - Accounts
3 - View Transactions of an Account
4 - Transfer Amount
5 - View Branch Details of an account
6 - Update Profile Details
7 - Update password

To logout, enter 0
------------------------------
Enter your choice (0 to 7): 
Enter 'YES' to confirm logout : 
Logged out successfully.
----------------------------------------
===============HOME===============
Enter a number to perform the following operation : 
1 - Sign in to access your information
2 - Apply for a new account

To exit, enter 0
------------------------------
Enter your choice : 
----------------------------------------
Thank you for visiting us
----------------------------------------
