------------------------------
     WELCOME TO CSK BANK
------------------------------
===============HOME===============
Enter a number to perform the following operation : 
1 - Sign in to access your information
2 - Apply for a new account

To exit, enter 0
------------------------------
Enter your choice : 
Enter your User ID (or 0 to exit): 
Enter your password : 
The credentials entered for the acount is incorrect. Please try again
----------------------------------------
===============HOME===============
Enter a number to perform the following operation : 
1 - Sign in to access your information
2 - Apply for a new account

To exit, enter 0
------------------------------
Enter your choice : 
Enter your User ID (or 0 to exit): 
Enter your password : 
===============CUSTOMER PORTAL===============
Enter a number to perform the following operation : 
1 - View Profile Details
2 - Accounts
3 - View Transactions of an Account
4 - Transfer Amount
5 - View Branch Details of an account
6 - Update Profile Details
7 - Update password

To logout, enter 0
------------------------------
Enter your choice (0 to 7): 
-----------------------------------------------------------------
ACCOUNT NUMBER | CUSTOMER ID | START DATE |  BALANCE   | STATUS
-----------------------------------------------------------------
             1 |           2 | 2024-03-01 |   11500.00 | ACTIVE
             2 |           2 | 2024-03-01 |    9500.00 | ACTIVE
-----------------------------------------------------------------
Enter account number : 
-----------------------------------------------------------------------------------------------
   ID   | TITLE                | ACCOUNT NUMBER |    DATE    |   AMOUNT   |   BALANCE  | TYPE
-----------------------------------------------------------------------------------------------
 16     | Self Transfer        |              2 | 2024-03-05 |    5000.00 |   11500.00 | CREDIT 
 15     | Git                  |              5 | 2024-03-05 |    5000.00 |    6500.00 |  DEBIT 
 13     | Simply               |              2 | 2024-03-05 |    1000.00 |   11500.00 |  DEBIT 
 12     | Self                 |              2 | 2024-03-05 |    2000.00 |   12500.00 | CREDIT 
 11     | Self                 |              2 | 2024-03-05 |    1000.00 |   10500.00 |  DEBIT 
 10     | Groceries            |              5 | 2024-03-05 |    2500.00 |   11500.00 | CREDIT 
 9      | Books                |              5 | 2024-03-05 |    1000.00 |    9000.00 | CREDIT 
 5      | BANK_WITHDRAWAL      |              0 | 2024-03-04 |    1000.00 |    8000.00 |  DEBIT 
 4      | BANK_WITHDRAWAL      |              0 | 2024-03-04 |    1000.00 |   11000.00 |  DEBIT 
 3      | BANK_DEPOSIT         |              0 | 2024-03-04 |    1000.00 |   10000.00 | CREDIT 
-----------------------------------------------------------------------------------------------
===============CUSTOMER PORTAL===============
Enter a number to perform the following operation : 
1 - View Profile Details
2 - Accounts
3 - View Transactions of an Account
4 - Transfer Amount
5 - View Branch Details of an account
6 - Update Profile Details
7 - Update password

To logout, enter 0
------------------------------
Enter your choice (0 to 7): 
Enter 'YES' to confirm logout : 
Logged out successfully.
----------------------------------------
===============HOME===============
Enter a number to perform the following operation : 
1 - Sign in to access your information
2 - Apply for a new account

To exit, enter 0
------------------------------
Enter your choice : 
----------------------------------------
Thank you for visiting us
----------------------------------------
