------------------------------
     WELCOME TO CSK BANK
------------------------------
===============HOME===============
Enter a number to perform the following operation : 
1 - Sign in to access your information
2 - Apply for a new account

To exit, enter 0
------------------------------
Enter your choice : 
Enter your User ID (or 0 to exit): 
Enter your password : 
----------------------------------------
CUSTOMER DETAILS                        
----------------------------------------
USER ID              : 2
FIRST NAME           : Sharan
LAST NAME            : K
DATE OF BIRTH        : 2002-10-01
GENDER               : MALE
ADDRESS              : Gobichettipalayam
E-MAIL               : sharanshanjay@gmail.com
AADHAAR              : 999845682846
PAN                  : HDKAU8593L
===============CUSTOMER PORTAL===============
Enter a number to perform the following operation : 
1 - View Profile Details
2 - Accounts
3 - View Transactions of an Account
4 - Transfer Amount
5 - View Branch Details of an account
6 - Update Profile Details
7 - Update password
8 - View recent transactions

To logout, enter 0
------------------------------
Enter your choice (0 to 8): 
Is transfer within bank or outside bank : (Enter y for within (or) hit enter for outside)
Enter account number to transfer amount from: 
Invalid Selection
===============CUSTOMER PORTAL===============
Enter a number to perform the following operation : 
1 - View Profile Details
2 - Accounts
3 - View Transactions of an Account
4 - Transfer Amount
5 - View Branch Details of an account
6 - Update Profile Details
7 - Update password
8 - View recent transactions

To logout, enter 0
------------------------------
Enter your choice (0 to 8): 
Is transfer within bank or outside bank : (Enter y for within (or) hit enter for outside)
Enter account number to transfer amount from: 
Enter Account number of the account to transfer the money into : 
Enter the amount to tranfer : 
Enter Remarks : 
Enter PIN to confirm : 
Enter 4 digit secure PIN to confirm your request : 
The account selected does not contain sufficient balance for the transaction
===============CUSTOMER PORTAL===============
Enter a number to perform the following operation : 
1 - View Profile Details
2 - Accounts
3 - View Transactions of an Account
4 - Transfer Amount
5 - View Branch Details of an account
6 - Update Profile Details
7 - Update password
8 - View recent transactions

To logout, enter 0
------------------------------
Enter your choice (0 to 8): 
Enter 'YES' to confirm logout : 
Logged out successfully.
----------------------------------------
===============HOME===============
Enter a number to perform the following operation : 
1 - Sign in to access your information
2 - Apply for a new account

To exit, enter 0
------------------------------
Enter your choice : 
----------------------------------------
Thank you for visiting us
----------------------------------------
