------------------------------
     WELCOME TO CSK BANK
------------------------------
===============HOME===============
Enter a number to perform the following operation : 
1 - Sign in to access your information
2 - Apply for a new account

To exit, enter 0
------------------------------
Enter your choice : 
Enter your User ID (or 0 to exit): 
Enter your password : 

===============EMPLOYEE PORTAL===============
Enter a number to perform the following operation : 
1 - View Profile Details
2 - View list of accounts of your branch
3 - View a customer details of an account
4 - Open a new account for a new customer
5 - View transactions of an account
6 - Open a new account for an existing customer
7 - View Employee Branch Details

To logout, enter 0
------------------------------
Enter your choice (0 to 7): 
----------------------------------------
BRANCH DETAILS                          
----------------------------------------
ADDRESS              : Karaikudi
PHONE                : 9775635324
EMAIL                : karakudi@cskbank.in
IFSC CODE            : CSKB0001111

===============EMPLOYEE PORTAL===============
Enter a number to perform the following operation : 
1 - View Profile Details
2 - View list of accounts of your branch
3 - View a customer details of an account
4 - Open a new account for a new customer
5 - View transactions of an account
6 - Open a new account for an existing customer
7 - View Employee Branch Details

To logout, enter 0
------------------------------
Enter your choice (0 to 7): 
Enter Customer ID : 
The user record for the given information does not exist.

===============EMPLOYEE PORTAL===============
Enter a number to perform the following operation : 
1 - View Profile Details
2 - View list of accounts of your branch
3 - View a customer details of an account
4 - Open a new account for a new customer
5 - View transactions of an account
6 - Open a new account for an existing customer
7 - View Employee Branch Details

To logout, enter 0
------------------------------
Enter your choice (0 to 7): 
----------------------------------------------------------------------
SNO | ACCOUNT NUMBER | CUSTOMER ID | START DATE |  BALANCE   | STATUS
----------------------------------------------------------------------
  1 | 00000000000001 |           2 | 2024-03-01 |    9000.00 | ACTIVE
  2 | 00000000000002 |           2 | 2024-03-01 |   11000.00 | ACTIVE
----------------------------------------------------------------------
Enter the serial number of the account number you want to view the customer : 
----------------------------------------
CUSTOMER DETAILS                        
----------------------------------------
FIRST NAME           : Sharan
LAST NAME            : K
DATE OF BIRTH        : 2002-10-01
GENDER               : MALE
ADDRESS              : Coimbatore
MAIL ID              : sharan@gmail.com
STATUS               : ACTIVE
AADHAAR              : 999845682846
PAN                  : HDKAU8593L

===============EMPLOYEE PORTAL===============
Enter a number to perform the following operation : 
1 - View Profile Details
2 - View list of accounts of your branch
3 - View a customer details of an account
4 - Open a new account for a new customer
5 - View transactions of an account
6 - Open a new account for an existing customer
7 - View Employee Branch Details

To logout, enter 0
------------------------------
Enter your choice (0 to 7): 
----------------------------------------------------------------------
SNO | ACCOUNT NUMBER | CUSTOMER ID | START DATE |  BALANCE   | STATUS
----------------------------------------------------------------------
  1 | 00000000000001 |           2 | 2024-03-01 |    9000.00 | ACTIVE
  2 | 00000000000002 |           2 | 2024-03-01 |   11000.00 | ACTIVE
----------------------------------------------------------------------

===============EMPLOYEE PORTAL===============
Enter a number to perform the following operation : 
1 - View Profile Details
2 - View list of accounts of your branch
3 - View a customer details of an account
4 - Open a new account for a new customer
5 - View transactions of an account
6 - Open a new account for an existing customer
7 - View Employee Branch Details

To logout, enter 0
------------------------------
Enter your choice (0 to 7): 
Enter the following details : 
Enter First name : 
Enter Last name : 
Enter Gender : 
Enter Phone number : 
Enter Email : 
Enter Address : 
Enter Date of birth in DDMMYYYY Format : 
Enter Aadhaar Number : 
Enter PAN Number : 
----------------------------------------
null DETAILS                            
----------------------------------------
FIRST NAME           : Ponvel
LAST NAME            : K
DATE OF BIRTH        : 2004-09-12
GENDER               : MALE
ADDRESS              : Coimbatore
MAIL ID              : ponvel@gmail.com
STATUS               : null
AADHAAR              : 803629563924
PAN                  : KBCTH4839J
Enter 'y' to confirm creation, 'N' to cancel
----------------------------------------
CUSTOMER AND ACCOUNT HAS BEEN CREATED SUCCESSFULLY
----------------------------------------
CUSTOMER DETAILS                        
----------------------------------------
FIRST NAME           : Ponvel
LAST NAME            : K
DATE OF BIRTH        : 2004-09-12
GENDER               : MALE
ADDRESS              : Coimbatore
MAIL ID              : ponvel@gmail.com
STATUS               : ACTIVE
AADHAAR              : 803629563924
PAN                  : KBCTH4839J
----------------------------------------
ACCOUNT DETAILS
----------------------------------------
ACCOUNT NUMBER       : 3
ACCOUNT BALANCE      : 10000.0
ACCOUNT TYPE         : SAVINGS
ACCOUNT STATUS       : ACTIVE
CUSTOMER ID          : 3
OPENING DATE         : 2024-03-04
BRANCH CODE          : 1

===============EMPLOYEE PORTAL===============
Enter a number to perform the following operation : 
1 - View Profile Details
2 - View list of accounts of your branch
3 - View a customer details of an account
4 - Open a new account for a new customer
5 - View transactions of an account
6 - Open a new account for an existing customer
7 - View Employee Branch Details

To logout, enter 0
------------------------------
Enter your choice (0 to 7): 
----------------------------------------------------------------------
SNO | ACCOUNT NUMBER | CUSTOMER ID | START DATE |  BALANCE   | STATUS
----------------------------------------------------------------------
  1 | 00000000000001 |           2 | 2024-03-01 |    9000.00 | ACTIVE
  2 | 00000000000002 |           2 | 2024-03-01 |   11000.00 | ACTIVE
  3 | 00000000000003 |           3 | 2024-03-04 |   10000.00 | ACTIVE
----------------------------------------------------------------------

===============EMPLOYEE PORTAL===============
Enter a number to perform the following operation : 
1 - View Profile Details
2 - View list of accounts of your branch
3 - View a customer details of an account
4 - Open a new account for a new customer
5 - View transactions of an account
6 - Open a new account for an existing customer
7 - View Employee Branch Details

To logout, enter 0
------------------------------
Enter your choice (0 to 7): 
Enter Customer ID : 
The user record for the given information does not exist.

===============EMPLOYEE PORTAL===============
Enter a number to perform the following operation : 
1 - View Profile Details
2 - View list of accounts of your branch
3 - View a customer details of an account
4 - Open a new account for a new customer
5 - View transactions of an account
6 - Open a new account for an existing customer
7 - View Employee Branch Details

To logout, enter 0
------------------------------
Enter your choice (0 to 7): 
----------------------------------------------------------------------
SNO | ACCOUNT NUMBER | CUSTOMER ID | START DATE |  BALANCE   | STATUS
----------------------------------------------------------------------
  1 | 00000000000001 |           2 | 2024-03-01 |    9000.00 | ACTIVE
  2 | 00000000000002 |           2 | 2024-03-01 |   11000.00 | ACTIVE
  3 | 00000000000003 |           3 | 2024-03-04 |   10000.00 | ACTIVE
----------------------------------------------------------------------

===============EMPLOYEE PORTAL===============
Enter a number to perform the following operation : 
1 - View Profile Details
2 - View list of accounts of your branch
3 - View a customer details of an account
4 - Open a new account for a new customer
5 - View transactions of an account
6 - Open a new account for an existing customer
7 - View Employee Branch Details

To logout, enter 0
------------------------------
Enter your choice (0 to 7): 
Enter the following details : 
Enter First name : 
The first name must contain atleast 4 characters.

===============EMPLOYEE PORTAL===============
Enter a number to perform the following operation : 
1 - View Profile Details
2 - View list of accounts of your branch
3 - View a customer details of an account
4 - Open a new account for a new customer
5 - View transactions of an account
6 - Open a new account for an existing customer
7 - View Employee Branch Details

To logout, enter 0
------------------------------
Enter your choice (0 to 7): 
Enter Customer ID : 
Enter deposit amount : 
----------------------------------------
ACCOUNT HAS BEEN CREATED SUCCESSFULLY
----------------------------------------
ACCOUNT DETAILS
----------------------------------------
ACCOUNT NUMBER       : 4
ACCOUNT BALANCE      : 25000.0
ACCOUNT TYPE         : SAVINGS
ACCOUNT STATUS       : ACTIVE
CUSTOMER ID          : 3
OPENING DATE         : 2024-03-04
BRANCH CODE          : 1

===============EMPLOYEE PORTAL===============
Enter a number to perform the following operation : 
1 - View Profile Details
2 - View list of accounts of your branch
3 - View a customer details of an account
4 - Open a new account for a new customer
5 - View transactions of an account
6 - Open a new account for an existing customer
7 - View Employee Branch Details

To logout, enter 0
------------------------------
Enter your choice (0 to 7): 
----------------------------------------------------------------------
SNO | ACCOUNT NUMBER | CUSTOMER ID | START DATE |  BALANCE   | STATUS
----------------------------------------------------------------------
  1 | 00000000000001 |           2 | 2024-03-01 |    9000.00 | ACTIVE
  2 | 00000000000002 |           2 | 2024-03-01 |   11000.00 | ACTIVE
  3 | 00000000000003 |           3 | 2024-03-04 |   10000.00 | ACTIVE
  4 | 00000000000004 |           3 | 2024-03-04 |   25000.00 | ACTIVE
----------------------------------------------------------------------

===============EMPLOYEE PORTAL===============
Enter a number to perform the following operation : 
1 - View Profile Details
2 - View list of accounts of your branch
3 - View a customer details of an account
4 - Open a new account for a new customer
5 - View transactions of an account
6 - Open a new account for an existing customer
7 - View Employee Branch Details

To logout, enter 0
------------------------------
Enter your choice (0 to 7): 
A number is expected. Please enter a valid integer.
Enter 'YES' to confirm logout : 
Logged out successfully.
----------------------------------------
===============HOME===============
Enter a number to perform the following operation : 
1 - Sign in to access your information
2 - Apply for a new account

To exit, enter 0
------------------------------
Enter your choice : 
Enter your User ID (or 0 to exit): 
Enter your password : 
===============CUSTOMER PORTAL===============
Enter a number to perform the following operation : 
1 - View Profile Details
2 - Accounts
3 - View Transactions of an Account
4 - Transfer Amount
5 - View Branch Details of an account

To logout, enter 0
------------------------------
Enter your choice (0 to 5): 
----------------------------------------
CUSTOMER DETAILS                        
----------------------------------------
FIRST NAME           : Ponvel
LAST NAME            : K
DATE OF BIRTH        : 2004-09-12
GENDER               : MALE
ADDRESS              : Coimbatore
MAIL ID              : ponvel@gmail.com
STATUS               : ACTIVE
AADHAAR              : 803629563924
PAN                  : KBCTH4839J
===============CUSTOMER PORTAL===============
Enter a number to perform the following operation : 
1 - View Profile Details
2 - Accounts
3 - View Transactions of an Account
4 - Transfer Amount
5 - View Branch Details of an account

To logout, enter 0
------------------------------
Enter your choice (0 to 5): 
----------------------------------------------------------------------
SNO | ACCOUNT NUMBER | CUSTOMER ID | START DATE |  BALANCE   | STATUS
----------------------------------------------------------------------
  1 | 00000000000003 |           3 | 2024-03-04 |   10000.00 | ACTIVE
  2 | 00000000000004 |           3 | 2024-03-04 |   25000.00 | ACTIVE
----------------------------------------------------------------------
===============CUSTOMER PORTAL===============
Enter a number to perform the following operation : 
1 - View Profile Details
2 - Accounts
3 - View Transactions of an Account
4 - Transfer Amount
5 - View Branch Details of an account

To logout, enter 0
------------------------------
Enter your choice (0 to 5): 
----------------------------------------------------------------------
SNO | ACCOUNT NUMBER | CUSTOMER ID | START DATE |  BALANCE   | STATUS
----------------------------------------------------------------------
  1 | 00000000000003 |           3 | 2024-03-04 |   10000.00 | ACTIVE
  2 | 00000000000004 |           3 | 2024-03-04 |   25000.00 | ACTIVE
----------------------------------------------------------------------
Enter the associated serial number : 
-----------------------------------------------------------------------------------------------
   ID   | TITLE                | ACCOUNT NUMBER |    DATE    |   AMOUNT   |   BALANCE  | TYPE
-----------------------------------------------------------------------------------------------
-----------------------------------------------------------------------------------------------
===============CUSTOMER PORTAL===============
Enter a number to perform the following operation : 
1 - View Profile Details
2 - Accounts
3 - View Transactions of an Account
4 - Transfer Amount
5 - View Branch Details of an account

To logout, enter 0
------------------------------
Enter your choice (0 to 5): 
Is transfer within bank or outside bank : (Enter y for within (or) hit enter for outside)
----------------------------------------------------------------------
SNO | ACCOUNT NUMBER | CUSTOMER ID | START DATE |  BALANCE   | STATUS
----------------------------------------------------------------------
  1 | 00000000000003 |           3 | 2024-03-04 |   10000.00 | ACTIVE
  2 | 00000000000004 |           3 | 2024-03-04 |   25000.00 | ACTIVE
----------------------------------------------------------------------
Select an account to transfer money 
Enter Account number of the account to transfer the money into : 
Enter the amount to tranfer : 
Enter Remarks : 
Transaction Successful
Transaction ID : 2
===============CUSTOMER PORTAL===============
Enter a number to perform the following operation : 
1 - View Profile Details
2 - Accounts
3 - View Transactions of an Account
4 - Transfer Amount
5 - View Branch Details of an account

To logout, enter 0
------------------------------
Enter your choice (0 to 5): 
----------------------------------------
CUSTOMER DETAILS                        
----------------------------------------
FIRST NAME           : Ponvel
LAST NAME            : K
DATE OF BIRTH        : 2004-09-12
GENDER               : MALE
ADDRESS              : Coimbatore
MAIL ID              : ponvel@gmail.com
STATUS               : ACTIVE
AADHAAR              : 803629563924
PAN                  : KBCTH4839J
===============CUSTOMER PORTAL===============
Enter a number to perform the following operation : 
1 - View Profile Details
2 - Accounts
3 - View Transactions of an Account
4 - Transfer Amount
5 - View Branch Details of an account

To logout, enter 0
------------------------------
Enter your choice (0 to 5): 
----------------------------------------------------------------------
SNO | ACCOUNT NUMBER | CUSTOMER ID | START DATE |  BALANCE   | STATUS
----------------------------------------------------------------------
  1 | 00000000000003 |           3 | 2024-03-04 |    6500.00 | ACTIVE
  2 | 00000000000004 |           3 | 2024-03-04 |   25000.00 | ACTIVE
----------------------------------------------------------------------
Enter the associated serial number : 
===============CUSTOMER PORTAL===============
Enter a number to perform the following operation : 
1 - View Profile Details
2 - Accounts
3 - View Transactions of an Account
4 - Transfer Amount
5 - View Branch Details of an account

To logout, enter 0
------------------------------
Enter your choice (0 to 5): 
----------------------------------------------------------------------
SNO | ACCOUNT NUMBER | CUSTOMER ID | START DATE |  BALANCE   | STATUS
----------------------------------------------------------------------
  1 | 00000000000003 |           3 | 2024-03-04 |    6500.00 | ACTIVE
  2 | 00000000000004 |           3 | 2024-03-04 |   25000.00 | ACTIVE
----------------------------------------------------------------------
Enter the associated serial number : 
----------------------------------------
BRANCH DETAILS                          
----------------------------------------
ADDRESS              : Karaikudi
PHONE                : 9775635324
EMAIL                : karakudi@cskbank.in
IFSC CODE            : CSKB0001111
===============CUSTOMER PORTAL===============
Enter a number to perform the following operation : 
1 - View Profile Details
2 - Accounts
3 - View Transactions of an Account
4 - Transfer Amount
5 - View Branch Details of an account

To logout, enter 0
------------------------------
Enter your choice (0 to 5): 
----------------------------------------------------------------------
SNO | ACCOUNT NUMBER | CUSTOMER ID | START DATE |  BALANCE   | STATUS
----------------------------------------------------------------------
  1 | 00000000000003 |           3 | 2024-03-04 |    6500.00 | ACTIVE
  2 | 00000000000004 |           3 | 2024-03-04 |   25000.00 | ACTIVE
----------------------------------------------------------------------
Enter the associated serial number : 
-----------------------------------------------------------------------------------------------
   ID   | TITLE                | ACCOUNT NUMBER |    DATE    |   AMOUNT   |   BALANCE  | TYPE
-----------------------------------------------------------------------------------------------
 2      | Education Aid        |              2 | 2024-03-04 |    3500.00 |    6500.00 |  DEBIT 
-----------------------------------------------------------------------------------------------
===============CUSTOMER PORTAL===============
Enter a number to perform the following operation : 
1 - View Profile Details
2 - Accounts
3 - View Transactions of an Account
4 - Transfer Amount
5 - View Branch Details of an account

To logout, enter 0
------------------------------
Enter your choice (0 to 5): 
Enter 'YES' to confirm logout : 
Logged out successfully.
----------------------------------------
===============HOME===============
Enter a number to perform the following operation : 
1 - Sign in to access your information
2 - Apply for a new account

To exit, enter 0
------------------------------
Enter your choice : 
Enter your User ID (or 0 to exit): 
Enter your password : 
===============CUSTOMER PORTAL===============
Enter a number to perform the following operation : 
1 - View Profile Details
2 - Accounts
3 - View Transactions of an Account
4 - Transfer Amount
5 - View Branch Details of an account

To logout, enter 0
------------------------------
Enter your choice (0 to 5): 
----------------------------------------------------------------------
SNO | ACCOUNT NUMBER | CUSTOMER ID | START DATE |  BALANCE   | STATUS
----------------------------------------------------------------------
  1 | 00000000000001 |           2 | 2024-03-01 |    9000.00 | ACTIVE
  2 | 00000000000002 |           2 | 2024-03-01 |   14500.00 | ACTIVE
----------------------------------------------------------------------
Enter the associated serial number : 
-----------------------------------------------------------------------------------------------
   ID   | TITLE                | ACCOUNT NUMBER |    DATE    |   AMOUNT   |   BALANCE  | TYPE
-----------------------------------------------------------------------------------------------
 1      | Self Transfer        |              1 | 2024-03-01 |    1000.00 |   11000.00 | CREDIT 
 2      | Education Aid        |              3 | 2024-03-04 |    3500.00 |   14500.00 | CREDIT 
-----------------------------------------------------------------------------------------------
===============CUSTOMER PORTAL===============
Enter a number to perform the following operation : 
1 - View Profile Details
2 - Accounts
3 - View Transactions of an Account
4 - Transfer Amount
5 - View Branch Details of an account

To logout, enter 0
------------------------------
Enter your choice (0 to 5): 
Enter 'YES' to confirm logout : 
Logged out successfully.
----------------------------------------
===============HOME===============
Enter a number to perform the following operation : 
1 - Sign in to access your information
2 - Apply for a new account

To exit, enter 0
------------------------------
Enter your choice : 
Enter your User ID (or 0 to exit): 
Enter your password : 

===============EMPLOYEE PORTAL===============
Enter a number to perform the following operation : 
1 - View Profile Details
2 - View list of accounts of your branch
3 - View a customer details of an account
4 - Open a new account for a new customer
5 - View transactions of an account
6 - Open a new account for an existing customer
7 - View Employee Branch Details

To logout, enter 0
------------------------------
Enter your choice (0 to 7): 
Enter 'YES' to confirm logout : 
Logged out successfully.
----------------------------------------
===============HOME===============
Enter a number to perform the following operation : 
1 - Sign in to access your information
2 - Apply for a new account

To exit, enter 0
------------------------------
Enter your choice : 
----------------------------------------
Thank you for visiting us
----------------------------------------
