------------------------------
     WELCOME TO CSK BANK
------------------------------
===============HOME===============
Enter a number to perform the following operation : 
1 - Sign in to access your information
2 - Apply for a new account

To exit, enter 0
------------------------------
Enter your choice : 
Enter your User ID (or 0 to exit): 
Enter your password : 
----------------------------------------
ADMIN DETAILS                           
----------------------------------------
USER ID              : 1
FIRST NAME           : ADMIN
LAST NAME            : USER
DATE OF BIRTH        : 2000-01-19
GENDER               : MALE
ADDRESS              : Coimbatore
PHONE                : 9876543210
E-MAIL               : admin@email.com
BRANCH ID            : 1

===============EMPLOYEE PORTAL===============
Enter a number to perform the following operation : 
1 - View Profile Details
2 - View list of accounts of your branch
3 - View a customer details of an account
4 - Open a new account for a new customer
5 - View transactions of an account
6 - Open a new account for an existing customer
7 - View Employee Branch Details
8 - Deposit money into an account
9 - Withdraw money from an account
10 - Update Customer details
11 - Update Password
12 - Go to Admin Portal

To logout, enter 0
------------------------------
Enter your choice (0 to 12): 
Enter account number to get transactions : 
Enter Transaction History Size : (0 - Recent, 1, 3, or 6 months) 
-------------------------------------------------------------------------------------------------------------------
   ID   | PARTICULARS                              | ACCOUNT NUMBER |    DATE    |   AMOUNT   |   BALANCE  | TYPE
-------------------------------------------------------------------------------------------------------------------
 24     | Bank-Withdrawal/BranchId-1/EmployeeId-1  |              0 | 2024-03-12 |    1000.00 |    9500.00 | DEBIT 
 21     | Fees                                     |              5 | 2024-03-12 |    2000.00 |   10500.00 | DEBIT 
 17     | Self transfer                            |              2 | 2024-03-06 |    1000.00 |   12500.00 | CREDIT 
 16     | Self Transfer                            |              2 | 2024-03-05 |    5000.00 |   11500.00 | CREDIT 
 15     | Git                                      |              5 | 2024-03-05 |    5000.00 |    6500.00 | DEBIT 
 13     | Simply                                   |              2 | 2024-03-05 |    1000.00 |   11500.00 | DEBIT 
 12     | Self                                     |              2 | 2024-03-05 |    2000.00 |   12500.00 | CREDIT 
 11     | Self                                     |              2 | 2024-03-05 |    1000.00 |   10500.00 | DEBIT 
 10     | Groceries                                |              5 | 2024-03-05 |    2500.00 |   11500.00 | CREDIT 
 9      | Books                                    |              5 | 2024-03-05 |    1000.00 |    9000.00 | CREDIT 
-------------------------------------------------------------------------------------------------------------------
Enter 1 to go to next page (or) 0 to exit : 

===============EMPLOYEE PORTAL===============
Enter a number to perform the following operation : 
1 - View Profile Details
2 - View list of accounts of your branch
3 - View a customer details of an account
4 - Open a new account for a new customer
5 - View transactions of an account
6 - Open a new account for an existing customer
7 - View Employee Branch Details
8 - Deposit money into an account
9 - Withdraw money from an account
10 - Update Customer details
11 - Update Password
12 - Go to Admin Portal

To logout, enter 0
------------------------------
Enter your choice (0 to 12): 
Enter 'YES' to confirm logout : 
Logged out successfully.
----------------------------------------
===============HOME===============
Enter a number to perform the following operation : 
1 - Sign in to access your information
2 - Apply for a new account

To exit, enter 0
------------------------------
Enter your choice : 
----------------------------------------
===============HOME===============
Enter a number to perform the following operation : 
1 - Sign in to access your information
2 - Apply for a new account

To exit, enter 0
------------------------------
Enter your choice : 
Enter your User ID (or 0 to exit): 
Enter your password : 
----------------------------------------
CUSTOMER DETAILS                        
----------------------------------------
USER ID              : 2
FIRST NAME           : Sharan
LAST NAME            : K
DATE OF BIRTH        : 2002-10-01
GENDER               : MALE
ADDRESS              : Gobichettipalayam
PHONE                : 9987647808
E-MAIL               : sharanshanjay@gmail.com
AADHAAR              : 999845682846
PAN                  : HDKAU8593L
===============CUSTOMER PORTAL===============
Enter a number to perform the following operation : 
1 - View Profile Details
2 - Accounts
3 - View Transactions of an Account
4 - Transfer Amount
5 - View Branch Details of an account
6 - Update Profile Details
7 - Update password
8 - View recent transactions
9 - View Account Details

To logout, enter 0
------------------------------
Enter your choice (0 to 9): 
Is transfer within bank or outside bank : (Enter y for within (or) hit enter for outside)
Enter account number to transfer amount from: 
Enter Account number of the account to transfer the money into : 
Enter the amount to tranfer : 
