------------------------------
     WELCOME TO CSK BANK
------------------------------
===============HOME===============
Enter a number to perform the following operation : 
1 - Sign in to access your information
2 - Apply for a new account

To exit, enter 0
------------------------------
Enter your choice : 
Enter your User ID (or 0 to exit): 
Enter your password : 
===============CUSTOMER PORTAL===============
Enter a number to perform the following operation : 
1 - View Profile Details
2 - Accounts
3 - View Transactions of an Account
4 - Transfer Amount
5 - View Branch Details of an account
6 - Update Profile Details

To logout, enter 0
------------------------------
Enter your choice (0 to 5): 
----------------------------------------------------------------------
ACCOUNT NUMBER | CUSTOMER ID | START DATE |  BALANCE   | STATUS
----------------------------------------------------------------------
             1 |           2 | 2024-03-01 |    8000.00 | ACTIVE
----------------------------------------------------------------------
             2 |           2 | 2024-03-01 |   14500.00 | ACTIVE
----------------------------------------------------------------------
Enter account number : 
-----------------------------------------------------------------------------------------------
   ID   | TITLE                | ACCOUNT NUMBER |    DATE    |   AMOUNT   |   BALANCE  | TYPE
-----------------------------------------------------------------------------------------------
 1      | Self Transfer        |              1 | 2024-03-01 |    1000.00 |   11000.00 | CREDIT 
 2      | Education Aid        |              3 | 2024-03-04 |    3500.00 |   14500.00 | CREDIT 
-----------------------------------------------------------------------------------------------
===============CUSTOMER PORTAL===============
Enter a number to perform the following operation : 
1 - View Profile Details
2 - Accounts
3 - View Transactions of an Account
4 - Transfer Amount
5 - View Branch Details of an account
6 - Update Profile Details

To logout, enter 0
------------------------------
Enter your choice (0 to 5): 
No line found
Enter your choice (0 to 5): 
No line found
Enter your choice (0 to 5): 
No line found
