------------------------------
     WELCOME TO CSK BANK
------------------------------
===============HOME===============
Enter a number to perform the following operation : 
1 - Sign in to access your information
2 - Apply for a new account

To exit, enter 0
------------------------------
Enter your choice : 
Enter your User ID (or 0 to exit): 
Enter your password : 
----------------------------------------
ADMIN DETAILS                           
----------------------------------------
USER ID              : 1
FIRST NAME           : ADMIN
LAST NAME            : USER
DATE OF BIRTH        : 2000-01-19
GENDER               : MALE
ADDRESS              : Coimbatore
PHONE                : 9876543210
E-MAIL               : admin@email.com
BRANCH ID            : 1

===============EMPLOYEE PORTAL===============
Enter a number to perform the following operation : 
1 - View Profile Details
2 - View list of accounts of your branch
3 - View a customer details of an account
4 - Open a new account for a new customer
5 - View transactions of an account
6 - Open a new account for an existing customer
7 - View Employee Branch Details
8 - Deposit money into an account
9 - Withdraw money from an account
10 - Update Customer details
11 - Update Password
12 - Go to Admin Portal

To logout, enter 0
------------------------------
Enter your choice (0 to 12): 
-----------------------------------------------------------------
ACCOUNT NUMBER | CUSTOMER ID | START DATE |  BALANCE   | STATUS
-----------------------------------------------------------------
             1 |           2 | 2024-03-12 |    9500.00 | ACTIVE
             2 |           2 | 2024-03-06 |    8400.00 | ACTIVE
             3 |           3 | 2024-03-12 |    6000.00 | ACTIVE
             4 |           3 | 2024-03-04 |   25000.00 | ACTIVE
             5 |           4 | 2024-03-12 |   93500.00 | ACTIVE
             6 |           5 | 2024-03-05 |   20000.00 | ACTIVE
             7 |           8 | 2024-03-12 |   99000.00 | ACTIVE
-----------------------------------------------------------------

===============EMPLOYEE PORTAL===============
Enter a number to perform the following operation : 
1 - View Profile Details
2 - View list of accounts of your branch
3 - View a customer details of an account
4 - Open a new account for a new customer
5 - View transactions of an account
6 - Open a new account for an existing customer
7 - View Employee Branch Details
8 - Deposit money into an account
9 - Withdraw money from an account
10 - Update Customer details
11 - Update Password
12 - Go to Admin Portal

To logout, enter 0
------------------------------
Enter your choice (0 to 12): 
No line found
Enter your choice (0 to 12): 
No line found
Enter your choice (0 to 12): 
No line found
