------------------------------
     WELCOME TO CSK BANK
------------------------------
===============HOME===============
Enter a number to perform the following operation : 
1 - Sign in to access your information
2 - Apply for a new account

To exit, enter 0
------------------------------
Enter your choice : 
Enter your User ID (or 0 to exit): 
Enter your password : 
The credentials entered for the acount is incorrect. Please try again
----------------------------------------
===============HOME===============
Enter a number to perform the following operation : 
1 - Sign in to access your information
2 - Apply for a new account

To exit, enter 0
------------------------------
Enter your choice : 
Enter your User ID (or 0 to exit): 
Enter your password : 
----------------------------------------
ADMIN DETAILS                           
----------------------------------------
USER ID              : 1
FIRST NAME           : ADMIN
LAST NAME            : USER
DATE OF BIRTH        : 2000-01-19
GENDER               : MALE
ADDRESS              : Coimbatore
PHONE                : 9876543210
E-MAIL               : admin@email.com
BRANCH ID            : 1

===============EMPLOYEE PORTAL===============
Enter a number to perform the following operation : 
1 - View Profile Details
2 - View list of accounts of your branch
3 - View a customer details of an account
4 - Open a new account for a new customer
5 - View transactions of an account
6 - Open a new account for an existing customer
7 - View Employee Branch Details
8 - Deposit money into an account
9 - Withdraw money from an account
10 - Update Customer details
11 - Update Password
12 - Go to Admin Portal

To logout, enter 0
------------------------------
Enter your choice (0 to 12): 
----------------------------------------
ADMIN DETAILS                           
----------------------------------------
USER ID              : 1
FIRST NAME           : ADMIN
LAST NAME            : USER
DATE OF BIRTH        : 2000-01-19
GENDER               : MALE
ADDRESS              : Coimbatore
PHONE                : 9876543210
E-MAIL               : admin@email.com
BRANCH ID            : 1
===============ADMIN PORTAL===============
Enter a number to perform the following operation : 
1 - Get all the employees in your branch
2 - Get all the employees of any branch
3 - Create an Employee
4 - Modify employee details
5 - Create a branch
6 - Modify branch details
7 - View all accounts in bank

To go back, enter 0
------------------------------
Enter your choice (0 to 7): 
----------------------------------------
ADMIN DETAILS                           
----------------------------------------
USER ID              : 1
FIRST NAME           : ADMIN
LAST NAME            : USER
DATE OF BIRTH        : 2000-01-19
GENDER               : MALE
ADDRESS              : Coimbatore
PHONE                : 9876543210
E-MAIL               : admin@email.com
BRANCH ID            : 1
----------------------------------------
EMPLOYEE DETAILS                        
----------------------------------------
USER ID              : 7
FIRST NAME           : Surya
LAST NAME            : Kumar
DATE OF BIRTH        : 2000-01-12
GENDER               : MALE
ADDRESS              : Palladam
PHONE                : 9876540000
E-MAIL               : surya.kumar@cskbank.com
BRANCH ID            : 1
----------------------------------------
EMPLOYEE DETAILS                        
----------------------------------------
USER ID              : 10
FIRST NAME           : Mugesh
LAST NAME            : Kumar
DATE OF BIRTH        : 2003-03-27
GENDER               : MALE
ADDRESS              : Tiruppur
PHONE                : 9957493759
E-MAIL               : mugesh.kumar@cskbank.in
BRANCH ID            : 1
===============ADMIN PORTAL===============
Enter a number to perform the following operation : 
1 - Get all the employees in your branch
2 - Get all the employees of any branch
3 - Create an Employee
4 - Modify employee details
5 - Create a branch
6 - Modify branch details
7 - View all accounts in bank

To go back, enter 0
------------------------------
Enter your choice (0 to 7): 

===============EMPLOYEE PORTAL===============
Enter a number to perform the following operation : 
1 - View Profile Details
2 - View list of accounts of your branch
3 - View a customer details of an account
4 - Open a new account for a new customer
5 - View transactions of an account
6 - Open a new account for an existing customer
7 - View Employee Branch Details
8 - Deposit money into an account
9 - Withdraw money from an account
10 - Update Customer details
11 - Update Password
12 - Go to Admin Portal

To logout, enter 0
------------------------------
Enter your choice (0 to 12): 
Enter 'YES' to confirm logout : 
Logged out successfully.
----------------------------------------
===============HOME===============
Enter a number to perform the following operation : 
1 - Sign in to access your information
2 - Apply for a new account

To exit, enter 0
------------------------------
Enter your choice : 
Enter your User ID (or 0 to exit): 
Enter your password : 
The user record for the given information does not exist.
----------------------------------------
===============HOME===============
Enter a number to perform the following operation : 
1 - Sign in to access your information
2 - Apply for a new account

To exit, enter 0
------------------------------
Enter your choice : 
Enter your User ID (or 0 to exit): 
Enter your password : 
----------------------------------------
EMPLOYEE DETAILS                        
----------------------------------------
USER ID              : 10
FIRST NAME           : Mugesh
LAST NAME            : Kumar
DATE OF BIRTH        : 2003-03-27
GENDER               : MALE
ADDRESS              : Tiruppur
PHONE                : 9957493759
E-MAIL               : mugesh.kumar@cskbank.in
BRANCH ID            : 1

===============EMPLOYEE PORTAL===============
Enter a number to perform the following operation : 
1 - View Profile Details
2 - View list of accounts of your branch
3 - View a customer details of an account
4 - Open a new account for a new customer
5 - View transactions of an account
6 - Open a new account for an existing customer
7 - View Employee Branch Details
8 - Deposit money into an account
9 - Withdraw money from an account
10 - Update Customer details
11 - Update Password

To logout, enter 0
------------------------------
Enter your choice (0 to 12): 
Enter current password : 
Enter new password : 
Re-enter new password for confirmation : 
The password must contain a minimum of 8 characters with both upper and lower case, start with a letter, have a special character and a number

===============EMPLOYEE PORTAL===============
Enter a number to perform the following operation : 
1 - View Profile Details
2 - View list of accounts of your branch
3 - View a customer details of an account
4 - Open a new account for a new customer
5 - View transactions of an account
6 - Open a new account for an existing customer
7 - View Employee Branch Details
8 - Deposit money into an account
9 - Withdraw money from an account
10 - Update Customer details
11 - Update Password

To logout, enter 0
------------------------------
Enter your choice (0 to 12): 
Enter current password : 
Enter new password : 
Re-enter new password for confirmation : 
The credentials entered for the acount is incorrect. Please try again

===============EMPLOYEE PORTAL===============
Enter a number to perform the following operation : 
1 - View Profile Details
2 - View list of accounts of your branch
3 - View a customer details of an account
4 - Open a new account for a new customer
5 - View transactions of an account
6 - Open a new account for an existing customer
7 - View Employee Branch Details
8 - Deposit money into an account
9 - Withdraw money from an account
10 - Update Customer details
11 - Update Password

To logout, enter 0
------------------------------
Enter your choice (0 to 12): 
Enter current password : 
Enter new password : 
Re-enter new password for confirmation : 
Your password has been changed.
Logging out.
----------------------------------------
===============HOME===============
Enter a number to perform the following operation : 
1 - Sign in to access your information
2 - Apply for a new account

To exit, enter 0
------------------------------
Enter your choice : 
Invalid number. Please enter a number between 0 and 3
Enter your choice : 
Enter your User ID (or 0 to exit): 
Enter your password : 
----------------------------------------
EMPLOYEE DETAILS                        
----------------------------------------
USER ID              : 10
FIRST NAME           : Mugesh
LAST NAME            : Kumar
DATE OF BIRTH        : 2003-03-27
GENDER               : MALE
ADDRESS              : Tiruppur
PHONE                : 9957493759
E-MAIL               : mugesh.kumar@cskbank.in
BRANCH ID            : 1

===============EMPLOYEE PORTAL===============
Enter a number to perform the following operation : 
1 - View Profile Details
2 - View list of accounts of your branch
3 - View a customer details of an account
4 - Open a new account for a new customer
5 - View transactions of an account
6 - Open a new account for an existing customer
7 - View Employee Branch Details
8 - Deposit money into an account
9 - Withdraw money from an account
10 - Update Customer details
11 - Update Password

To logout, enter 0
------------------------------
Enter your choice (0 to 12): 
Enter account number to get transactions : 
Enter Transaction History Size : (0 - Recent, 1, 3, or 6 months) 
-------------------------------------------------------------------------------------------------------------------
   ID   | PARTICULARS                              | ACCOUNT NUMBER |    DATE    |   AMOUNT   |   BALANCE  | TYPE
-------------------------------------------------------------------------------------------------------------------
 20     | Bank-Withdrawal/BranchId-1/EmployeeId-1  |              0 | 2024-03-06 |     100.00 |    8400.00 | DEBIT 
 17     | Self transfer                            |              1 | 2024-03-06 |    1000.00 |    8500.00 | DEBIT 
 16     | Self Transfer                            |              1 | 2024-03-05 |    5000.00 |    9500.00 | DEBIT 
 13     | Simply                                   |              1 | 2024-03-05 |    1000.00 |   14500.00 | CREDIT 
 12     | Self                                     |              1 | 2024-03-05 |    2000.00 |   13500.00 | DEBIT 
 11     | Self                                     |              1 | 2024-03-05 |    1000.00 |   15500.00 | CREDIT 
 2      | Education Aid                            |              3 | 2024-03-04 |    3500.00 |   14500.00 | CREDIT 
 1      | Self Transfer                            |              1 | 2024-03-01 |    1000.00 |   11000.00 | CREDIT 
-------------------------------------------------------------------------------------------------------------------

===============EMPLOYEE PORTAL===============
Enter a number to perform the following operation : 
1 - View Profile Details
2 - View list of accounts of your branch
3 - View a customer details of an account
4 - Open a new account for a new customer
5 - View transactions of an account
6 - Open a new account for an existing customer
7 - View Employee Branch Details
8 - Deposit money into an account
9 - Withdraw money from an account
10 - Update Customer details
11 - Update Password

To logout, enter 0
------------------------------
Enter your choice (0 to 12): 
Enter 'YES' to confirm logout : 
Logged out successfully.
----------------------------------------
===============HOME===============
Enter a number to perform the following operation : 
1 - Sign in to access your information
2 - Apply for a new account

To exit, enter 0
------------------------------
Enter your choice : 
----------------------------------------
Thank you for visiting us
----------------------------------------
