------------------------------
     WELCOME TO CSK BANK
------------------------------
===============HOME===============
Enter a number to perform the following operation : 
1 - Sign in to access your information
2 - Apply for a new account

To exit, enter 0
------------------------------
Enter your choice : 
Enter your User ID (or 0 to exit): 
Enter your password : 
----------------------------------------
ADMIN DETAILS                           
----------------------------------------
USER ID              : 1
FIRST NAME           : ADMIN
LAST NAME            : USER
DATE OF BIRTH        : 2000-01-19
GENDER               : MALE
ADDRESS              : Coimbatore
E-MAIL               : admin@email.com
BRANCH ID            : 1

===============EMPLOYEE PORTAL===============
Enter a number to perform the following operation : 
1 - View Profile Details
2 - View list of accounts of your branch
3 - View a customer details of an account
4 - Open a new account for a new customer
5 - View transactions of an account
6 - Open a new account for an existing customer
7 - View Employee Branch Details
8 - Deposit money into an account
9 - Withdraw money from an account
10 - Update Customer details
11 - Update Password
12 - Go to Admin Portal

To logout, enter 0
------------------------------
Enter your choice (0 to 12): 
----------------------------------------
ADMIN DETAILS                           
----------------------------------------
USER ID              : 1
FIRST NAME           : ADMIN
LAST NAME            : USER
DATE OF BIRTH        : 2000-01-19
GENDER               : MALE
ADDRESS              : Coimbatore
E-MAIL               : admin@email.com
BRANCH ID            : 1
===============ADMIN PORTAL===============
Enter a number to perform the following operation : 
1 - Get all the employees in your branch
2 - Get all the employees of any branch
3 - Create an Employee
4 - Modify employee details
5 - Create a branch
6 - Modify branch details
7 - View all accounts in bank

To go back, enter 0
------------------------------
Enter your choice (0 to 7): 
----------------------------------------
ADMIN DETAILS                           
----------------------------------------
USER ID              : 1
FIRST NAME           : ADMIN
LAST NAME            : USER
DATE OF BIRTH        : 2000-01-19
GENDER               : MALE
ADDRESS              : Coimbatore
E-MAIL               : admin@email.com
BRANCH ID            : 1
----------------------------------------
EMPLOYEE DETAILS                        
----------------------------------------
USER ID              : 7
FIRST NAME           : Surya
LAST NAME            : Kumar
DATE OF BIRTH        : 2000-01-12
GENDER               : MALE
ADDRESS              : Palladam
E-MAIL               : surya.kumar@cskbank.com
BRANCH ID            : 1
===============ADMIN PORTAL===============
Enter a number to perform the following operation : 
1 - Get all the employees in your branch
2 - Get all the employees of any branch
3 - Create an Employee
4 - Modify employee details
5 - Create a branch
6 - Modify branch details
7 - View all accounts in bank

To go back, enter 0
------------------------------
Enter your choice (0 to 7): 
Enter Brach ID to get Employees : 
----------------------------------------
ADMIN DETAILS                           
----------------------------------------
USER ID              : 1
FIRST NAME           : ADMIN
LAST NAME            : USER
DATE OF BIRTH        : 2000-01-19
GENDER               : MALE
ADDRESS              : Coimbatore
E-MAIL               : admin@email.com
BRANCH ID            : 1
----------------------------------------
EMPLOYEE DETAILS                        
----------------------------------------
USER ID              : 7
FIRST NAME           : Surya
LAST NAME            : Kumar
DATE OF BIRTH        : 2000-01-12
GENDER               : MALE
ADDRESS              : Palladam
E-MAIL               : surya.kumar@cskbank.com
BRANCH ID            : 1
===============ADMIN PORTAL===============
Enter a number to perform the following operation : 
1 - Get all the employees in your branch
2 - Get all the employees of any branch
3 - Create an Employee
4 - Modify employee details
5 - Create a branch
6 - Modify branch details
7 - View all accounts in bank

To go back, enter 0
------------------------------
Enter your choice (0 to 7): 
Enter Brach ID to get Employees : 
----------------------------------------
ADMIN DETAILS                           
----------------------------------------
USER ID              : 1
FIRST NAME           : ADMIN
LAST NAME            : USER
DATE OF BIRTH        : 2000-01-19
GENDER               : MALE
ADDRESS              : Coimbatore
E-MAIL               : admin@email.com
BRANCH ID            : 1
----------------------------------------
EMPLOYEE DETAILS                        
----------------------------------------
USER ID              : 7
FIRST NAME           : Surya
LAST NAME            : Kumar
DATE OF BIRTH        : 2000-01-12
GENDER               : MALE
ADDRESS              : Palladam
E-MAIL               : surya.kumar@cskbank.com
BRANCH ID            : 1
===============ADMIN PORTAL===============
Enter a number to perform the following operation : 
1 - Get all the employees in your branch
2 - Get all the employees of any branch
3 - Create an Employee
4 - Modify employee details
5 - Create a branch
6 - Modify branch details
7 - View all accounts in bank

To go back, enter 0
------------------------------
Enter your choice (0 to 7): 
Enter Employee First Name : 
Enter Employee Last Name : 
Enter Gender (0 - MALE, 1 - FEMALE, 2 - OTHER): 
Enter Date of Birth in ddmmyyyy format: 
Enter Address : 
Enter Phone number : 
Enter email ID : 
Enter Brach ID : 
No value specified for parameter 3
===============ADMIN PORTAL===============
Enter a number to perform the following operation : 
1 - Get all the employees in your branch
2 - Get all the employees of any branch
3 - Create an Employee
4 - Modify employee details
5 - Create a branch
6 - Modify branch details
7 - View all accounts in bank

To go back, enter 0
------------------------------
Enter your choice (0 to 7): 
No line found
Enter your choice (0 to 7): 
No line found
Enter your choice (0 to 7): 
No line found
Enter your choice (0 to 7): 
