------------------------------
     WELCOME TO CSK BANK
------------------------------
===============HOME===============
Enter a number to perform the following operation : 
1 - Sign in to access your information
2 - Apply for a new account

To exit, enter 0
------------------------------
Enter your choice : 
Enter your User ID (or 0 to exit): 
Enter your password : 
----------------------------------------
EMPLOYEE DETAILS                        
----------------------------------------
USER ID              : 1
FIRST NAME           : ADMIN
LAST NAME            : USER
DATE OF BIRTH        : 2000-01-19
GENDER               : MALE
ADDRESS              : Address
E-MAIL               : admin@email.com
ROLE                 : ADMIN
BRANCH ID            : 1

===============EMPLOYEE PORTAL===============
Enter a number to perform the following operation : 
1 - View Profile Details
2 - View list of accounts of your branch
3 - View a customer details of an account
4 - Open a new account for a new customer
5 - View transactions of an account
6 - Open a new account for an existing customer
7 - View Employee Branch Details
8 - Deposit money into an account
9 - Withdraw money from an account
10 - Update Customer details
11 - Update Password
12 - Go to Admin Portal

To logout, enter 0
------------------------------
Enter your choice (0 to 12): 
----------------------------------------
EMPLOYEE DETAILS                        
----------------------------------------
USER ID              : 1
FIRST NAME           : ADMIN
LAST NAME            : USER
DATE OF BIRTH        : 2000-01-19
GENDER               : MALE
ADDRESS              : Address
E-MAIL               : admin@email.com
ROLE                 : ADMIN
BRANCH ID            : 1
===============ADMIN PORTAL===============
Enter a number to perform the following operation : 
1 - Get all the employees in your branch
2 - Get all the employees of any branch
3 - Create an Employee

To go back, enter 0
------------------------------
Enter your choice (0 to 8): 
Enter Employee First Name : 
Enter Employee Last Name : 
Enter Gender (MALE, FEMALE, OTHER): 
Enter Date of Birth in ddmmyyyy format: 
Enter Address : 
Enter Phone number : 
Enter email ID : 
Enter Brach ID : 
Employee Created
----------------------------------------
EMPLOYEE DETAILS                        
----------------------------------------
USER ID              : 7
FIRST NAME           : Surya
LAST NAME            : Kumar
DATE OF BIRTH        : 2000-01-12
GENDER               : MALE
ADDRESS              : Palladam
E-MAIL               : surya.kumar@cskbank.com
ROLE                 : EMPLOYEE
BRANCH ID            : 1
The choice is invalid
===============ADMIN PORTAL===============
Enter a number to perform the following operation : 
1 - Get all the employees in your branch
2 - Get all the employees of any branch
3 - Create an Employee

To go back, enter 0
------------------------------
Enter your choice (0 to 8): 

===============EMPLOYEE PORTAL===============
Enter a number to perform the following operation : 
1 - View Profile Details
2 - View list of accounts of your branch
3 - View a customer details of an account
4 - Open a new account for a new customer
5 - View transactions of an account
6 - Open a new account for an existing customer
7 - View Employee Branch Details
8 - Deposit money into an account
9 - Withdraw money from an account
10 - Update Customer details
11 - Update Password
12 - Go to Admin Portal

To logout, enter 0
------------------------------
Enter your choice (0 to 12): 
Enter 'YES' to confirm logout : 
Logged out successfully.
----------------------------------------
===============HOME===============
Enter a number to perform the following operation : 
1 - Sign in to access your information
2 - Apply for a new account

To exit, enter 0
------------------------------
Enter your choice : 
Enter your User ID (or 0 to exit): 
Enter your password : 
The valid customer details for the user does not exist.
----------------------------------------
===============HOME===============
Enter a number to perform the following operation : 
1 - Sign in to access your information
2 - Apply for a new account

To exit, enter 0
------------------------------
Enter your choice : 
Enter your User ID (or 0 to exit): 
Enter your password : 
----------------------------------------
EMPLOYEE DETAILS                        
----------------------------------------
USER ID              : 7
FIRST NAME           : Surya
LAST NAME            : Kumar
DATE OF BIRTH        : 2000-01-12
GENDER               : MALE
ADDRESS              : Palladam
E-MAIL               : surya.kumar@cskbank.com
ROLE                 : EMPLOYEE
BRANCH ID            : 1

===============EMPLOYEE PORTAL===============
Enter a number to perform the following operation : 
1 - View Profile Details
2 - View list of accounts of your branch
3 - View a customer details of an account
4 - Open a new account for a new customer
5 - View transactions of an account
6 - Open a new account for an existing customer
7 - View Employee Branch Details
8 - Deposit money into an account
9 - Withdraw money from an account
10 - Update Customer details
11 - Update Password

To logout, enter 0
------------------------------
Enter your choice (0 to 12): 
