------------------------------
     WELCOME TO CSK BANK
------------------------------ 
===============HOME===============
Enter a number to perform the following operation : 
1 - Sign in to access your information
2 - Apply for a new account

To exit, enter 0
------------------------------ 
Enter your choice :  
Enter your User ID (or 0 to exit):  
Enter your password :  

===============EMPLOYEE PORTAL===============
Enter a number to perform the following operation : 
1 - View Profile Details
2 - View list of accounts of your branch
3 - View a customer details of an account
4 - Open a new account for a new customer

To logout, enter 0
------------------------------ 
Enter your choice (0 to 4):  
Enter the following details :  
Enter First name :  
Enter Last name :  
Enter Gender :  
Enter Phone number name :  
Enter Email :  
Enter Address :  
Enter Date of birth in DDMMYYYY Format :  
Enter Aadhaar Number :  
Enter PAN Number :  
---------------------------------------- 
null DETAILS                             
---------------------------------------- 
FIRST NAME           : Dinesh 
LAST NAME            : Kumar 
DATE OF BIRTH        : 2004-04-27 
GENDER               : MALE 
ADDRESS              : Hosur 
MAIL ID              : dinesh23kumar@outlook.com 
STATUS               : null 
AADHAAR              : 659365936593 
PAN                  : YNSTD3487K 
Enter 'y' to confirm creation, 'N' to cancel 
---------------------------------------- 
CUSTOMER AND ACCOUNT HAS BEEN CREATED SUCCESSFULLY 
---------------------------------------- 
CUSTOMER DETAILS                         
---------------------------------------- 
FIRST NAME           : Dinesh 
LAST NAME            : Kumar 
DATE OF BIRTH        : 2004-04-27 
GENDER               : MALE 
ADDRESS              : Hosur 
MAIL ID              : dinesh23kumar@outlook.com 
STATUS               : ACTIVE 
AADHAAR              : 659365936593 
PAN                  : YNSTD3487K 
---------------------------------------- 
ACCOUNT DETAILS 
---------------------------------------- 
ACCOUNT NUMBER       : 12345678901241 
ACCOUNT BALANCE      : 10000.0 
ACCOUNT TYPE         : SAVINGS 
ACCOUNT STATUS       : ACTIVE 
CUSTOMER ID          : 15 
OPENING DATE         : 2024-02-27 
BRANCH CODE          : 1 

===============EMPLOYEE PORTAL===============
Enter a number to perform the following operation : 
1 - View Profile Details
2 - View list of accounts of your branch
3 - View a customer details of an account
4 - Open a new account for a new customer

To logout, enter 0
------------------------------ 
Enter your choice (0 to 4):  
Enter 'YES' to confirm logout :  
Logged out successfully. 
---------------------------------------- 
===============HOME===============
Enter a number to perform the following operation : 
1 - Sign in to access your information
2 - Apply for a new account

To exit, enter 0
------------------------------ 
Enter your choice :  
---------------------------------------- 
Thank you for visiting us 
---------------------------------------- 
