------------------------------
     WELCOME TO CSK BANK
------------------------------
===============HOME===============
Enter a number to perform the following operation : 
1 - Sign in to access your information
2 - Apply for a new account

To exit, enter 0
------------------------------
Enter your choice : 
Enter your User ID (or 0 to exit): 
Enter your password : 

===============EMPLOYEE PORTAL===============
Enter a number to perform the following operation : 
1 - View Profile Details
2 - View list of accounts of your branch
3 - View a customer details of an account
4 - Open a new account for a new customer
5 - View transactions of an account
6 - Open a new account for an existing customer
7 - View Employee Branch Details
8 - Deposit money into an account
9 - Withdraw money from an account

To logout, enter 0
------------------------------
Enter your choice (0 to 9): 
Enter account number to withdraw amount : 
Enter amount to withdraw : 
Withdrawal Successful!.
Transaction ID : 4

===============EMPLOYEE PORTAL===============
Enter a number to perform the following operation : 
1 - View Profile Details
2 - View list of accounts of your branch
3 - View a customer details of an account
4 - Open a new account for a new customer
5 - View transactions of an account
6 - Open a new account for an existing customer
7 - View Employee Branch Details
8 - Deposit money into an account
9 - Withdraw money from an account

To logout, enter 0
------------------------------
Enter your choice (0 to 9): 
----------------------------------------------------------------------
SNO | ACCOUNT NUMBER | CUSTOMER ID | START DATE |  BALANCE   | STATUS
----------------------------------------------------------------------
  1 | 00000000000001 |           2 | 2024-03-01 |    9000.00 | ACTIVE
  2 | 00000000000002 |           2 | 2024-03-01 |   14500.00 | ACTIVE
  3 | 00000000000003 |           3 | 2024-03-04 |    6500.00 | ACTIVE
  4 | 00000000000004 |           3 | 2024-03-04 |   25000.00 | ACTIVE
----------------------------------------------------------------------
Enter the associated serial number : 
-----------------------------------------------------------------------------------------------
   ID   | TITLE                | ACCOUNT NUMBER |    DATE    |   AMOUNT   |   BALANCE  | TYPE
-----------------------------------------------------------------------------------------------
 1      | Self Transfer        |              2 | 2024-03-01 |    1000.00 |    9000.00 |  DEBIT 
 3      | BANK_DEPOSIT         |              0 | 2024-03-04 |    1000.00 |   10000.00 | CREDIT 
 4      | BANK_WITHDRAWAL      |              0 | 2024-03-04 |    1000.00 |   11000.00 |  DEBIT 
-----------------------------------------------------------------------------------------------

===============EMPLOYEE PORTAL===============
Enter a number to perform the following operation : 
1 - View Profile Details
2 - View list of accounts of your branch
3 - View a customer details of an account
4 - Open a new account for a new customer
5 - View transactions of an account
6 - Open a new account for an existing customer
7 - View Employee Branch Details
8 - Deposit money into an account
9 - Withdraw money from an account

To logout, enter 0
------------------------------
Enter your choice (0 to 9): 
Enter 'YES' to confirm logout : 
Logged out successfully.
----------------------------------------
===============HOME===============
Enter a number to perform the following operation : 
1 - Sign in to access your information
2 - Apply for a new account

To exit, enter 0
------------------------------
Enter your choice : 
----------------------------------------
Thank you for visiting us
----------------------------------------
