------------------------------
     WELCOME TO CSK BANK
------------------------------
===============HOME===============
Enter a number to perform the following operation : 
1 - Sign in to access your information
2 - Apply for a new account

To exit, enter 0
------------------------------
Enter your choice : 
Enter your User ID (or 0 to exit): 
Enter your password : 

===============EMPLOYEE PORTAL===============
Enter a number to perform the following operation : 
1 - View Profile Details
2 - View list of accounts of your branch
3 - View a customer details of an account
4 - Open a new account for a new customer
5 - View transactions of an account
6 - Open a new account for an existing customer
7 - View Employee Branch Details
8 - Deposit money into an account
9 - Withdraw money from an account

To logout, enter 0
------------------------------
Enter your choice (0 to 9): 
----------------------------------------
EMPLOYEE DETAILS                        
----------------------------------------
FIRST NAME           : ADMIN
LAST NAME            : USER
DATE OF BIRTH        : 1970-01-01
GENDER               : MALE
ADDRESS              : Address
MAIL ID              : admin@email.com
STATUS               : ACTIVE
BRANCH ID            : 1

===============EMPLOYEE PORTAL===============
Enter a number to perform the following operation : 
1 - View Profile Details
2 - View list of accounts of your branch
3 - View a customer details of an account
4 - Open a new account for a new customer
5 - View transactions of an account
6 - Open a new account for an existing customer
7 - View Employee Branch Details
8 - Deposit money into an account
9 - Withdraw money from an account

To logout, enter 0
------------------------------
Enter your choice (0 to 9): 
-----------------------------------------------------------------
ACCOUNT NUMBER | CUSTOMER ID | START DATE |  BALANCE   | STATUS
-----------------------------------------------------------------
             1 |           2 | 2024-03-01 |    8000.00 | ACTIVE
             2 |           2 | 2024-03-01 |   14500.00 | ACTIVE
             3 |           3 | 2024-03-04 |    6500.00 | ACTIVE
             4 |           3 | 2024-03-04 |   25000.00 | ACTIVE
-----------------------------------------------------------------

===============EMPLOYEE PORTAL===============
Enter a number to perform the following operation : 
1 - View Profile Details
2 - View list of accounts of your branch
3 - View a customer details of an account
4 - Open a new account for a new customer
5 - View transactions of an account
6 - Open a new account for an existing customer
7 - View Employee Branch Details
8 - Deposit money into an account
9 - Withdraw money from an account

To logout, enter 0
------------------------------
Enter your choice (0 to 9): 
-----------------------------------------------------------------
ACCOUNT NUMBER | CUSTOMER ID | START DATE |  BALANCE   | STATUS
-----------------------------------------------------------------
             1 |           2 | 2024-03-01 |    8000.00 | ACTIVE
             2 |           2 | 2024-03-01 |   14500.00 | ACTIVE
             3 |           3 | 2024-03-04 |    6500.00 | ACTIVE
             4 |           3 | 2024-03-04 |   25000.00 | ACTIVE
-----------------------------------------------------------------
Enter account number : 

===============EMPLOYEE PORTAL===============
Enter a number to perform the following operation : 
1 - View Profile Details
2 - View list of accounts of your branch
3 - View a customer details of an account
4 - Open a new account for a new customer
5 - View transactions of an account
6 - Open a new account for an existing customer
7 - View Employee Branch Details
8 - Deposit money into an account
9 - Withdraw money from an account

To logout, enter 0
------------------------------
Enter your choice (0 to 9): 
-----------------------------------------------------------------
ACCOUNT NUMBER | CUSTOMER ID | START DATE |  BALANCE   | STATUS
-----------------------------------------------------------------
             1 |           2 | 2024-03-01 |    8000.00 | ACTIVE
             2 |           2 | 2024-03-01 |   14500.00 | ACTIVE
             3 |           3 | 2024-03-04 |    6500.00 | ACTIVE
             4 |           3 | 2024-03-04 |   25000.00 | ACTIVE
-----------------------------------------------------------------
Enter account number : 
----------------------------------------
CUSTOMER DETAILS                        
----------------------------------------
FIRST NAME           : Sharan
LAST NAME            : K
DATE OF BIRTH        : 2002-10-01
GENDER               : MALE
ADDRESS              : Coimbatore
MAIL ID              : sharan@gmail.com
STATUS               : ACTIVE
AADHAAR              : 999845682846
PAN                  : HDKAU8593L

===============EMPLOYEE PORTAL===============
Enter a number to perform the following operation : 
1 - View Profile Details
2 - View list of accounts of your branch
3 - View a customer details of an account
4 - Open a new account for a new customer
5 - View transactions of an account
6 - Open a new account for an existing customer
7 - View Employee Branch Details
8 - Deposit money into an account
9 - Withdraw money from an account

To logout, enter 0
------------------------------
Enter your choice (0 to 9): 
-----------------------------------------------------------------
ACCOUNT NUMBER | CUSTOMER ID | START DATE |  BALANCE   | STATUS
-----------------------------------------------------------------
             1 |           2 | 2024-03-01 |    8000.00 | ACTIVE
             2 |           2 | 2024-03-01 |   14500.00 | ACTIVE
             3 |           3 | 2024-03-04 |    6500.00 | ACTIVE
             4 |           3 | 2024-03-04 |   25000.00 | ACTIVE
-----------------------------------------------------------------
Enter account number : 
-----------------------------------------------------------------------------------------------
   ID   | TITLE                | ACCOUNT NUMBER |    DATE    |   AMOUNT   |   BALANCE  | TYPE
-----------------------------------------------------------------------------------------------
-----------------------------------------------------------------------------------------------

===============EMPLOYEE PORTAL===============
Enter a number to perform the following operation : 
1 - View Profile Details
2 - View list of accounts of your branch
3 - View a customer details of an account
4 - Open a new account for a new customer
5 - View transactions of an account
6 - Open a new account for an existing customer
7 - View Employee Branch Details
8 - Deposit money into an account
9 - Withdraw money from an account

To logout, enter 0
------------------------------
Enter your choice (0 to 9): 
-----------------------------------------------------------------
ACCOUNT NUMBER | CUSTOMER ID | START DATE |  BALANCE   | STATUS
-----------------------------------------------------------------
             1 |           2 | 2024-03-01 |    8000.00 | ACTIVE
             2 |           2 | 2024-03-01 |   14500.00 | ACTIVE
             3 |           3 | 2024-03-04 |    6500.00 | ACTIVE
             4 |           3 | 2024-03-04 |   25000.00 | ACTIVE
-----------------------------------------------------------------
Enter account number : 
-----------------------------------------------------------------------------------------------
   ID   | TITLE                | ACCOUNT NUMBER |    DATE    |   AMOUNT   |   BALANCE  | TYPE
-----------------------------------------------------------------------------------------------
 2      | Education Aid        |              2 | 2024-03-04 |    3500.00 |    6500.00 |  DEBIT 
-----------------------------------------------------------------------------------------------

===============EMPLOYEE PORTAL===============
Enter a number to perform the following operation : 
1 - View Profile Details
2 - View list of accounts of your branch
3 - View a customer details of an account
4 - Open a new account for a new customer
5 - View transactions of an account
6 - Open a new account for an existing customer
7 - View Employee Branch Details
8 - Deposit money into an account
9 - Withdraw money from an account

To logout, enter 0
------------------------------
Enter your choice (0 to 9): 
-----------------------------------------------------------------
ACCOUNT NUMBER | CUSTOMER ID | START DATE |  BALANCE   | STATUS
-----------------------------------------------------------------
             1 |           2 | 2024-03-01 |    8000.00 | ACTIVE
             2 |           2 | 2024-03-01 |   14500.00 | ACTIVE
             3 |           3 | 2024-03-04 |    6500.00 | ACTIVE
             4 |           3 | 2024-03-04 |   25000.00 | ACTIVE
-----------------------------------------------------------------
Enter account number : 
-----------------------------------------------------------------------------------------------
   ID   | TITLE                | ACCOUNT NUMBER |    DATE    |   AMOUNT   |   BALANCE  | TYPE
-----------------------------------------------------------------------------------------------
 1      | Self Transfer        |              1 | 2024-03-01 |    1000.00 |   11000.00 | CREDIT 
 2      | Education Aid        |              3 | 2024-03-04 |    3500.00 |   14500.00 | CREDIT 
-----------------------------------------------------------------------------------------------

===============EMPLOYEE PORTAL===============
Enter a number to perform the following operation : 
1 - View Profile Details
2 - View list of accounts of your branch
3 - View a customer details of an account
4 - Open a new account for a new customer
5 - View transactions of an account
6 - Open a new account for an existing customer
7 - View Employee Branch Details
8 - Deposit money into an account
9 - Withdraw money from an account

To logout, enter 0
------------------------------
Enter your choice (0 to 9): 
-----------------------------------------------------------------
ACCOUNT NUMBER | CUSTOMER ID | START DATE |  BALANCE   | STATUS
-----------------------------------------------------------------
             1 |           2 | 2024-03-01 |    8000.00 | ACTIVE
             2 |           2 | 2024-03-01 |   14500.00 | ACTIVE
             3 |           3 | 2024-03-04 |    6500.00 | ACTIVE
             4 |           3 | 2024-03-04 |   25000.00 | ACTIVE
-----------------------------------------------------------------
Enter account number : 
-----------------------------------------------------------------------------------------------
   ID   | TITLE                | ACCOUNT NUMBER |    DATE    |   AMOUNT   |   BALANCE  | TYPE
-----------------------------------------------------------------------------------------------
 1      | Self Transfer        |              2 | 2024-03-01 |    1000.00 |    9000.00 |  DEBIT 
 3      | BANK_DEPOSIT         |              0 | 2024-03-04 |    1000.00 |   10000.00 | CREDIT 
 4      | BANK_WITHDRAWAL      |              0 | 2024-03-04 |    1000.00 |   11000.00 |  DEBIT 
 5      | BANK_WITHDRAWAL      |              0 | 2024-03-04 |    1000.00 |    8000.00 |  DEBIT 
-----------------------------------------------------------------------------------------------

===============EMPLOYEE PORTAL===============
Enter a number to perform the following operation : 
1 - View Profile Details
2 - View list of accounts of your branch
3 - View a customer details of an account
4 - Open a new account for a new customer
5 - View transactions of an account
6 - Open a new account for an existing customer
7 - View Employee Branch Details
8 - Deposit money into an account
9 - Withdraw money from an account

To logout, enter 0
------------------------------
Enter your choice (0 to 9): 
Enter 'YES' to confirm logout : 
Logged out successfully.
----------------------------------------
===============HOME===============
Enter a number to perform the following operation : 
1 - Sign in to access your information
2 - Apply for a new account

To exit, enter 0
------------------------------
Enter your choice : 
----------------------------------------
Thank you for visiting us
----------------------------------------
