------------------------------
     WELCOME TO CSK BANK
------------------------------
===============HOME===============
Enter a number to perform the following operation : 
1 - Sign in to access your information
2 - Apply for a new account

To exit, enter 0
------------------------------
Enter your choice : 
Enter your User ID (or 0 to exit): 
Enter your password : 
===============CUSTOMER PORTAL===============
Enter a number to perform the following operation : 
1 - View Profile Details
2 - Accounts
3 - View Transactions of an Account
4 - Transfer Amount
5 - View Branch Details of an account
6 - Update Profile Details
7 - Update password

To logout, enter 0
------------------------------
Enter your choice (0 to 7): 
Is transfer within bank or outside bank : (Enter y for within (or) hit enter for outside)
6
Enter Account number of the account to transfer the money into : 
Enter the amount to tranfer : 
Enter Remarks : 
Transaction Successful
Transaction ID : 8
===============CUSTOMER PORTAL===============
Enter a number to perform the following operation : 
1 - View Profile Details
2 - Accounts
3 - View Transactions of an Account
4 - Transfer Amount
5 - View Branch Details of an account
6 - Update Profile Details
7 - Update password

To logout, enter 0
------------------------------
Enter your choice (0 to 7): 
-----------------------------------------------------------------
ACCOUNT NUMBER | CUSTOMER ID | START DATE |  BALANCE   | STATUS
-----------------------------------------------------------------
             6 |           5 | 2024-03-05 |   20000.00 | ACTIVE
-----------------------------------------------------------------
-----------------------------------------------------------------------------------------------
   ID   | TITLE                | ACCOUNT NUMBER |    DATE    |   AMOUNT   |   BALANCE  | TYPE
-----------------------------------------------------------------------------------------------
 6      | BANK_DEPOSIT         |              0 | 2024-03-05 |   30000.00 |   30000.00 | CREDIT 
 8      | Fund                 |              5 | 2024-03-05 |   10000.00 |   20000.00 |  DEBIT 
-----------------------------------------------------------------------------------------------
===============CUSTOMER PORTAL===============
Enter a number to perform the following operation : 
1 - View Profile Details
2 - Accounts
3 - View Transactions of an Account
4 - Transfer Amount
5 - View Branch Details of an account
6 - Update Profile Details
7 - Update password

To logout, enter 0
------------------------------
Enter your choice (0 to 7): 
Enter 'YES' to confirm logout : 
Logged out successfully.
----------------------------------------
===============HOME===============
Enter a number to perform the following operation : 
1 - Sign in to access your information
2 - Apply for a new account

To exit, enter 0
------------------------------
Enter your choice : 
Enter your User ID (or 0 to exit): 
Enter your password : 
===============CUSTOMER PORTAL===============
Enter a number to perform the following operation : 
1 - View Profile Details
2 - Accounts
3 - View Transactions of an Account
4 - Transfer Amount
5 - View Branch Details of an account
6 - Update Profile Details
7 - Update password

To logout, enter 0
------------------------------
Enter your choice (0 to 7): 
-----------------------------------------------------------------
ACCOUNT NUMBER | CUSTOMER ID | START DATE |  BALANCE   | STATUS
-----------------------------------------------------------------
             5 |           4 | 2024-03-05 |   60000.00 | ACTIVE
-----------------------------------------------------------------
-----------------------------------------------------------------------------------------------
   ID   | TITLE                | ACCOUNT NUMBER |    DATE    |   AMOUNT   |   BALANCE  | TYPE
-----------------------------------------------------------------------------------------------
 8      | Fund                 |              6 | 2024-03-05 |   10000.00 |   60000.00 | CREDIT 
-----------------------------------------------------------------------------------------------
===============CUSTOMER PORTAL===============
Enter a number to perform the following operation : 
1 - View Profile Details
2 - Accounts
3 - View Transactions of an Account
4 - Transfer Amount
5 - View Branch Details of an account
6 - Update Profile Details
7 - Update password

To logout, enter 0
------------------------------
Enter your choice (0 to 7): 
Is transfer within bank or outside bank : (Enter y for within (or) hit enter for outside)
5
Enter Account number of the account to transfer the money into : 
Enter the amount to tranfer : 
Enter Remarks : 
Transaction Successful
Transaction ID : 9
===============CUSTOMER PORTAL===============
Enter a number to perform the following operation : 
1 - View Profile Details
2 - Accounts
3 - View Transactions of an Account
4 - Transfer Amount
5 - View Branch Details of an account
6 - Update Profile Details
7 - Update password

To logout, enter 0
------------------------------
Enter your choice (0 to 7): 
----------------------------------------
CUSTOMER DETAILS                        
----------------------------------------
FIRST NAME           : Niveth
LAST NAME            : S
DATE OF BIRTH        : 2003-01-09
GENDER               : MALE
ADDRESS              : Coimbatore
MAIL ID              : niveth.s@gmail.com
STATUS               : ACTIVE
AADHAAR              : 946395734937
PAN                  : KFHTN3955K
===============CUSTOMER PORTAL===============
Enter a number to perform the following operation : 
1 - View Profile Details
2 - Accounts
3 - View Transactions of an Account
4 - Transfer Amount
5 - View Branch Details of an account
6 - Update Profile Details
7 - Update password

To logout, enter 0
------------------------------
Enter your choice (0 to 7): 
Is transfer within bank or outside bank : (Enter y for within (or) hit enter for outside)
5
Enter Account number of the account to transfer the money into : 
Enter the amount to tranfer : 
Enter Remarks : 
Transaction Successful
Transaction ID : 10
===============CUSTOMER PORTAL===============
Enter a number to perform the following operation : 
1 - View Profile Details
2 - Accounts
3 - View Transactions of an Account
4 - Transfer Amount
5 - View Branch Details of an account
6 - Update Profile Details
7 - Update password

To logout, enter 0
------------------------------
Enter your choice (0 to 7): 
-----------------------------------------------------------------
ACCOUNT NUMBER | CUSTOMER ID | START DATE |  BALANCE   | STATUS
-----------------------------------------------------------------
             5 |           4 | 2024-03-05 |   56500.00 | ACTIVE
-----------------------------------------------------------------
-----------------------------------------------------------------------------------------------
   ID   | TITLE                | ACCOUNT NUMBER |    DATE    |   AMOUNT   |   BALANCE  | TYPE
-----------------------------------------------------------------------------------------------
 8      | Fund                 |              6 | 2024-03-05 |   10000.00 |   60000.00 | CREDIT 
 9      | Books                |              1 | 2024-03-05 |    1000.00 |   59000.00 |  DEBIT 
 10     | Groceries            |              1 | 2024-03-05 |    2500.00 |   56500.00 |  DEBIT 
-----------------------------------------------------------------------------------------------
===============CUSTOMER PORTAL===============
Enter a number to perform the following operation : 
1 - View Profile Details
2 - Accounts
3 - View Transactions of an Account
4 - Transfer Amount
5 - View Branch Details of an account
6 - Update Profile Details
7 - Update password

To logout, enter 0
------------------------------
Enter your choice (0 to 7): 
Enter 'YES' to confirm logout : 
Logged out successfully.
----------------------------------------
===============HOME===============
Enter a number to perform the following operation : 
1 - Sign in to access your information
2 - Apply for a new account

To exit, enter 0
------------------------------
Enter your choice : 
Enter your User ID (or 0 to exit): 
Enter your password : 
===============CUSTOMER PORTAL===============
Enter a number to perform the following operation : 
1 - View Profile Details
2 - Accounts
3 - View Transactions of an Account
4 - Transfer Amount
5 - View Branch Details of an account
6 - Update Profile Details
7 - Update password

To logout, enter 0
------------------------------
Enter your choice (0 to 7): 
-----------------------------------------------------------------
ACCOUNT NUMBER | CUSTOMER ID | START DATE |  BALANCE   | STATUS
-----------------------------------------------------------------
             1 |           2 | 2024-03-01 |   11500.00 | ACTIVE
             2 |           2 | 2024-03-01 |   14500.00 | ACTIVE
-----------------------------------------------------------------
Enter account number : 
-----------------------------------------------------------------------------------------------
   ID   | TITLE                | ACCOUNT NUMBER |    DATE    |   AMOUNT   |   BALANCE  | TYPE
-----------------------------------------------------------------------------------------------
 1      | Self Transfer        |              2 | 2024-03-01 |    1000.00 |    9000.00 |  DEBIT 
 3      | BANK_DEPOSIT         |              0 | 2024-03-04 |    1000.00 |   10000.00 | CREDIT 
 4      | BANK_WITHDRAWAL      |              0 | 2024-03-04 |    1000.00 |   11000.00 |  DEBIT 
 5      | BANK_WITHDRAWAL      |              0 | 2024-03-04 |    1000.00 |    8000.00 |  DEBIT 
 9      | Books                |              5 | 2024-03-05 |    1000.00 |    9000.00 | CREDIT 
 10     | Groceries            |              5 | 2024-03-05 |    2500.00 |   11500.00 | CREDIT 
-----------------------------------------------------------------------------------------------
===============CUSTOMER PORTAL===============
Enter a number to perform the following operation : 
1 - View Profile Details
2 - Accounts
3 - View Transactions of an Account
4 - Transfer Amount
5 - View Branch Details of an account
6 - Update Profile Details
7 - Update password

To logout, enter 0
------------------------------
Enter your choice (0 to 7): 
-----------------------------------------------------------------
ACCOUNT NUMBER | CUSTOMER ID | START DATE |  BALANCE   | STATUS
-----------------------------------------------------------------
             1 |           2 | 2024-03-01 |   11500.00 | ACTIVE
             2 |           2 | 2024-03-01 |   14500.00 | ACTIVE
-----------------------------------------------------------------
Enter account number : 
-----------------------------------------------------------------------------------------------
   ID   | TITLE                | ACCOUNT NUMBER |    DATE    |   AMOUNT   |   BALANCE  | TYPE
-----------------------------------------------------------------------------------------------
 1      | Self Transfer        |              1 | 2024-03-01 |    1000.00 |   11000.00 | CREDIT 
 2      | Education Aid        |              3 | 2024-03-04 |    3500.00 |   14500.00 | CREDIT 
-----------------------------------------------------------------------------------------------
===============CUSTOMER PORTAL===============
Enter a number to perform the following operation : 
1 - View Profile Details
2 - Accounts
3 - View Transactions of an Account
4 - Transfer Amount
5 - View Branch Details of an account
6 - Update Profile Details
7 - Update password

To logout, enter 0
------------------------------
Enter your choice (0 to 7): 
Is transfer within bank or outside bank : (Enter y for within (or) hit enter for outside)
Enter account number : 
Enter Account number of the account to transfer the money into : 
Enter the amount to tranfer : 
Enter Remarks : 
Transaction Successful
Transaction ID : 11
===============CUSTOMER PORTAL===============
Enter a number to perform the following operation : 
1 - View Profile Details
2 - Accounts
3 - View Transactions of an Account
4 - Transfer Amount
5 - View Branch Details of an account
6 - Update Profile Details
7 - Update password

To logout, enter 0
------------------------------
Enter your choice (0 to 7): 
Is transfer within bank or outside bank : (Enter y for within (or) hit enter for outside)
Enter account number : 
Enter Account number of the account to transfer the money into : 
Enter the amount to tranfer : 
Enter Remarks : 
Transaction Successful
Transaction ID : 12
===============CUSTOMER PORTAL===============
Enter a number to perform the following operation : 
1 - View Profile Details
2 - Accounts
3 - View Transactions of an Account
4 - Transfer Amount
5 - View Branch Details of an account
6 - Update Profile Details
7 - Update password

To logout, enter 0
------------------------------
Enter your choice (0 to 7): 
Is transfer within bank or outside bank : (Enter y for within (or) hit enter for outside)
Enter account number : 
Invalid Selection
===============CUSTOMER PORTAL===============
Enter a number to perform the following operation : 
1 - View Profile Details
2 - Accounts
3 - View Transactions of an Account
4 - Transfer Amount
5 - View Branch Details of an account
6 - Update Profile Details
7 - Update password

To logout, enter 0
------------------------------
Enter your choice (0 to 7): 
Is transfer within bank or outside bank : (Enter y for within (or) hit enter for outside)
Enter account number : 
Enter Account number of the account to transfer the money into : 
Enter the amount to tranfer : 
Enter Remarks : 
Transaction Successful
Transaction ID : 13
===============CUSTOMER PORTAL===============
Enter a number to perform the following operation : 
1 - View Profile Details
2 - Accounts
3 - View Transactions of an Account
4 - Transfer Amount
5 - View Branch Details of an account
6 - Update Profile Details
7 - Update password

To logout, enter 0
------------------------------
Enter your choice (0 to 7): 
-----------------------------------------------------------------
ACCOUNT NUMBER | CUSTOMER ID | START DATE |  BALANCE   | STATUS
-----------------------------------------------------------------
             1 |           2 | 2024-03-01 |   11500.00 | ACTIVE
             2 |           2 | 2024-03-01 |   14500.00 | ACTIVE
-----------------------------------------------------------------
Enter account number : 
-----------------------------------------------------------------------------------------------
   ID   | TITLE                | ACCOUNT NUMBER |    DATE    |   AMOUNT   |   BALANCE  | TYPE
-----------------------------------------------------------------------------------------------
 1      | Self Transfer        |              2 | 2024-03-01 |    1000.00 |    9000.00 |  DEBIT 
 3      | BANK_DEPOSIT         |              0 | 2024-03-04 |    1000.00 |   10000.00 | CREDIT 
 4      | BANK_WITHDRAWAL      |              0 | 2024-03-04 |    1000.00 |   11000.00 |  DEBIT 
 5      | BANK_WITHDRAWAL      |              0 | 2024-03-04 |    1000.00 |    8000.00 |  DEBIT 
 9      | Books                |              5 | 2024-03-05 |    1000.00 |    9000.00 | CREDIT 
 10     | Groceries            |              5 | 2024-03-05 |    2500.00 |   11500.00 | CREDIT 
 11     | Self                 |              2 | 2024-03-05 |    1000.00 |   10500.00 |  DEBIT 
 12     | Self                 |              2 | 2024-03-05 |    2000.00 |   12500.00 | CREDIT 
 13     | Simply               |              2 | 2024-03-05 |    1000.00 |   11500.00 |  DEBIT 
-----------------------------------------------------------------------------------------------
===============CUSTOMER PORTAL===============
Enter a number to perform the following operation : 
1 - View Profile Details
2 - Accounts
3 - View Transactions of an Account
4 - Transfer Amount
5 - View Branch Details of an account
6 - Update Profile Details
7 - Update password

To logout, enter 0
------------------------------
Enter your choice (0 to 7): 
Is transfer within bank or outside bank : (Enter y for within (or) hit enter for outside)
Enter account number : 
Enter Account number of the account to transfer the money into : 
Enter the amount to tranfer : 
A number is expected. Please enter a valid integer.
Enter Remarks : 
No account exists with the given account number.
===============CUSTOMER PORTAL===============
Enter a number to perform the following operation : 
1 - View Profile Details
2 - Accounts
3 - View Transactions of an Account
4 - Transfer Amount
5 - View Branch Details of an account
6 - Update Profile Details
7 - Update password

To logout, enter 0
------------------------------
Enter your choice (0 to 7): 
Is transfer within bank or outside bank : (Enter y for within (or) hit enter for outside)
Enter account number : 
Enter Account number of the account to transfer the money into : 
Enter the amount to tranfer : 
Enter Remarks : 
Transaction Successful
Transaction ID : 15
===============CUSTOMER PORTAL===============
Enter a number to perform the following operation : 
1 - View Profile Details
2 - Accounts
3 - View Transactions of an Account
4 - Transfer Amount
5 - View Branch Details of an account
6 - Update Profile Details
7 - Update password

To logout, enter 0
------------------------------
Enter your choice (0 to 7): 
Is transfer within bank or outside bank : (Enter y for within (or) hit enter for outside)
Enter account number : 
Enter Account number of the account to transfer the money into : 
Enter the amount to tranfer : 
Enter Remarks : 
Transaction Successful
Transaction ID : 16
===============CUSTOMER PORTAL===============
Enter a number to perform the following operation : 
1 - View Profile Details
2 - Accounts
3 - View Transactions of an Account
4 - Transfer Amount
5 - View Branch Details of an account
6 - Update Profile Details
7 - Update password

To logout, enter 0
------------------------------
Enter your choice (0 to 7): 
-----------------------------------------------------------------
ACCOUNT NUMBER | CUSTOMER ID | START DATE |  BALANCE   | STATUS
-----------------------------------------------------------------
             1 |           2 | 2024-03-01 |   11500.00 | ACTIVE
             2 |           2 | 2024-03-01 |    9500.00 | ACTIVE
-----------------------------------------------------------------
Enter account number : 
-----------------------------------------------------------------------------------------------
   ID   | TITLE                | ACCOUNT NUMBER |    DATE    |   AMOUNT   |   BALANCE  | TYPE
-----------------------------------------------------------------------------------------------
 1      | Self Transfer        |              2 | 2024-03-01 |    1000.00 |    9000.00 |  DEBIT 
 3      | BANK_DEPOSIT         |              0 | 2024-03-04 |    1000.00 |   10000.00 | CREDIT 
 4      | BANK_WITHDRAWAL      |              0 | 2024-03-04 |    1000.00 |   11000.00 |  DEBIT 
 5      | BANK_WITHDRAWAL      |              0 | 2024-03-04 |    1000.00 |    8000.00 |  DEBIT 
 9      | Books                |              5 | 2024-03-05 |    1000.00 |    9000.00 | CREDIT 
 10     | Groceries            |              5 | 2024-03-05 |    2500.00 |   11500.00 | CREDIT 
 11     | Self                 |              2 | 2024-03-05 |    1000.00 |   10500.00 |  DEBIT 
 12     | Self                 |              2 | 2024-03-05 |    2000.00 |   12500.00 | CREDIT 
 13     | Simply               |              2 | 2024-03-05 |    1000.00 |   11500.00 |  DEBIT 
 15     | Git                  |              5 | 2024-03-05 |    5000.00 |    6500.00 |  DEBIT 
-----------------------------------------------------------------------------------------------
===============CUSTOMER PORTAL===============
Enter a number to perform the following operation : 
1 - View Profile Details
2 - Accounts
3 - View Transactions of an Account
4 - Transfer Amount
5 - View Branch Details of an account
6 - Update Profile Details
7 - Update password

To logout, enter 0
------------------------------
Enter your choice (0 to 7): 
Enter 'YES' to confirm logout : 
Logged out successfully.
----------------------------------------
===============HOME===============
Enter a number to perform the following operation : 
1 - Sign in to access your information
2 - Apply for a new account

To exit, enter 0
------------------------------
Enter your choice : 
----------------------------------------
Thank you for visiting us
----------------------------------------
