------------------------------
     WELCOME TO CSK BANK
------------------------------ 
===============HOME===============
Enter a number to perform the following operation : 
1 - Sign in to access your information
2 - Apply for a new account

To exit, enter 0
------------------------------ 
Enter your choice :  
Enter your User ID (or 0 to exit):  
Enter your password :  

===============EMPLOYEE PORTAL===============
Enter a number to perform the following operation : 
1 - View Profile Details
2 - View list of accounts of your branch
3 - View a customer details of an account
4 - Open a new account for a new customer

To logout, enter 0
------------------------------ 
Enter your choice (0 to 4):  
Enter Customer ID to fetch details :  
The user record for the given information does not exist. 

===============EMPLOYEE PORTAL===============
Enter a number to perform the following operation : 
1 - View Profile Details
2 - View list of accounts of your branch
3 - View a customer details of an account
4 - Open a new account for a new customer

To logout, enter 0
------------------------------ 
Enter your choice (0 to 4):  
Enter Customer ID to fetch details :  
---------------------------------------- 
CUSTOMER DETAILS                         
---------------------------------------- 
FIRST NAME           : Revi 
LAST NAME            : U 
DATE OF BIRTH        : 2000-12-12 
GENDER               : MALE 
ADDRESS              : Chennai 
MAIL ID              : revi.u@umail.com 
STATUS               : ACTIVE 
AADHAAR              : 759365830274 
PAN                  : JSLBG9834Y 

===============EMPLOYEE PORTAL===============
Enter a number to perform the following operation : 
1 - View Profile Details
2 - View list of accounts of your branch
3 - View a customer details of an account
4 - Open a new account for a new customer

To logout, enter 0
------------------------------ 
Enter your choice (0 to 4):  
Enter the following details :  
Enter First name :  
Enter Last name :  
Enter Gender :  
Enter Phone number name :  
Enter Email :  
Enter Address :  
Enter Date of birth in DDMMYYYY Format :  
Enter Aadhaar Number :  
Enter PAN Number :  
The PAN number is invalid. Make sure it is the correct PAN number 
Enter PAN Number :  
---------------------------------------- 
null DETAILS                             
---------------------------------------- 
FIRST NAME           : Karthi 
LAST NAME            : T 
DATE OF BIRTH        : 1953-04-29 
GENDER               : MALE 
ADDRESS              : Madhurai 
MAIL ID              : karthi.t@gmail.com 
STATUS               : null 
AADHAAR              : 923857698234 
PAN                  : LHIPS3478J 
Enter 'y' to confirm creation, 'N' to cancel 
---------------------------------------- 
CUSTOMER DETAILS                         
---------------------------------------- 
FIRST NAME           : Karthi 
LAST NAME            : T 
DATE OF BIRTH        : 1953-04-29 
GENDER               : MALE 
ADDRESS              : Madhurai 
MAIL ID              : karthi.t@gmail.com 
STATUS               : ACTIVE 
AADHAAR              : 923857698234 
PAN                  : LHIPS3478J 
---------------------------------------- 
ACCOUNT DETAILS 
---------------------------------------- 
ACCOUNT NUMBER       : 12345678901239 
ACCOUNT BALANCE      : 10000.0 
ACCOUNT TYPE         : SAVINGS 
ACCOUNT STATUS       : ACTIVE 
CUSTOMER ID          : 12 
OPENING DATE         : 2024-02-27 
BRANCH CODE          : 1 

===============EMPLOYEE PORTAL===============
Enter a number to perform the following operation : 
1 - View Profile Details
2 - View list of accounts of your branch
3 - View a customer details of an account
4 - Open a new account for a new customer

To logout, enter 0
------------------------------ 
Enter your choice (0 to 4):  
Enter 'YES' to confirm logout :  
Logged out successfully. 
---------------------------------------- 
===============HOME===============
Enter a number to perform the following operation : 
1 - Sign in to access your information
2 - Apply for a new account

To exit, enter 0
------------------------------ 
Enter your choice :  
---------------------------------------- 
Thank you for visiting us 
---------------------------------------- 
